{"/home/travis/build/npmtest/node-npmtest-article/test.js":{"path":"/home/travis/build/npmtest/node-npmtest-article/test.js","s":{"1":2,"2":2,"3":2,"4":2,"5":2,"6":2,"7":2,"8":1,"9":2,"10":2,"11":1,"12":1,"13":1,"14":1,"15":2,"16":2,"17":2,"18":2,"19":1,"20":1,"21":2,"22":2,"23":2,"24":1,"25":1,"26":1,"27":1,"28":1,"29":1,"30":1,"31":1,"32":1,"33":1,"34":1,"35":1,"36":1,"37":2,"38":2,"39":1,"40":2,"41":2,"42":1,"43":2,"44":2,"45":1,"46":2,"47":2,"48":1,"49":1,"50":1,"51":1,"52":1},"b":{"1":[2,1,1,1],"2":[1,1,1,1],"3":[1,1],"4":[1,1],"5":[1,1],"6":[1,1],"7":[1,1],"8":[1,1],"9":[1,1,1],"10":[1,1],"11":[1,1],"12":[1,1],"13":[1,1],"14":[1,1],"15":[1,1],"16":[1,1]},"f":{"1":2,"2":2,"3":2,"4":2,"5":2,"6":1,"7":1,"8":2,"9":2,"10":2,"11":2,"12":1},"fnMap":{"1":{"name":"(anonymous_1)","line":12,"loc":{"start":{"line":12,"column":1},"end":{"line":12,"column":13}}},"2":{"name":"(anonymous_2)","line":19,"loc":{"start":{"line":19,"column":5},"end":{"line":19,"column":17}}},"3":{"name":"(anonymous_3)","line":23,"loc":{"start":{"line":23,"column":24},"end":{"line":23,"column":36}}},"4":{"name":"(anonymous_4)","line":61,"loc":{"start":{"line":61,"column":5},"end":{"line":61,"column":17}}},"5":{"name":"(anonymous_5)","line":82,"loc":{"start":{"line":82,"column":5},"end":{"line":82,"column":17}}},"6":{"name":"(anonymous_6)","line":102,"loc":{"start":{"line":102,"column":83},"end":{"line":105,"column":10}},"skip":true},"7":{"name":"(anonymous_7)","line":113,"loc":{"start":{"line":113,"column":77},"end":{"line":116,"column":10}},"skip":true},"8":{"name":"(anonymous_8)","line":129,"loc":{"start":{"line":129,"column":12},"end":{"line":129,"column":40}},"skip":true},"9":{"name":"(anonymous_9)","line":137,"loc":{"start":{"line":137,"column":77},"end":{"line":140,"column":10}},"skip":true},"10":{"name":"(anonymous_10)","line":148,"loc":{"start":{"line":148,"column":83},"end":{"line":151,"column":10}},"skip":true},"11":{"name":"(anonymous_11)","line":159,"loc":{"start":{"line":159,"column":79},"end":{"line":162,"column":10}},"skip":true},"12":{"name":"(anonymous_12)","line":170,"loc":{"start":{"line":170,"column":75},"end":{"line":173,"column":10}},"skip":true}},"statementMap":{"1":{"start":{"line":12,"column":0},"end":{"line":185,"column":5}},"2":{"start":{"line":14,"column":4},"end":{"line":14,"column":14}},"3":{"start":{"line":19,"column":4},"end":{"line":56,"column":9}},"4":{"start":{"line":21,"column":8},"end":{"line":21,"column":19}},"5":{"start":{"line":23,"column":8},"end":{"line":35,"column":13}},"6":{"start":{"line":24,"column":12},"end":{"line":34,"column":13}},"7":{"start":{"line":25,"column":16},"end":{"line":28,"column":30}},"8":{"start":{"line":30,"column":16},"end":{"line":33,"column":27}},"9":{"start":{"line":37,"column":8},"end":{"line":39,"column":21}},"10":{"start":{"line":40,"column":8},"end":{"line":53,"column":9}},"11":{"start":{"line":43,"column":12},"end":{"line":46,"column":14}},"12":{"start":{"line":47,"column":12},"end":{"line":47,"column":18}},"13":{"start":{"line":50,"column":12},"end":{"line":51,"column":46}},"14":{"start":{"line":52,"column":12},"end":{"line":52,"column":18}},"15":{"start":{"line":55,"column":8},"end":{"line":55,"column":35}},"16":{"start":{"line":61,"column":4},"end":{"line":63,"column":9}},"17":{"start":{"line":62,"column":8},"end":{"line":62,"column":15}},"18":{"start":{"line":64,"column":4},"end":{"line":77,"column":5}},"19":{"start":{"line":70,"column":8},"end":{"line":70,"column":14}},"20":{"start":{"line":76,"column":8},"end":{"line":76,"column":14}},"21":{"start":{"line":82,"column":4},"end":{"line":84,"column":9}},"22":{"start":{"line":83,"column":8},"end":{"line":83,"column":15}},"23":{"start":{"line":85,"column":4},"end":{"line":184,"column":5}},"24":{"start":{"line":92,"column":8},"end":{"line":94,"column":63}},"25":{"start":{"line":95,"column":8},"end":{"line":95,"column":14}},"26":{"start":{"line":102,"column":8},"end":{"line":111,"column":10},"skip":true},"27":{"start":{"line":109,"column":12},"end":{"line":109,"column":55},"skip":true},"28":{"start":{"line":110,"column":12},"end":{"line":110,"column":48},"skip":true},"29":{"start":{"line":113,"column":8},"end":{"line":126,"column":10},"skip":true},"30":{"start":{"line":120,"column":12},"end":{"line":120,"column":76},"skip":true},"31":{"start":{"line":121,"column":12},"end":{"line":121,"column":73},"skip":true},"32":{"start":{"line":122,"column":12},"end":{"line":122,"column":74},"skip":true},"33":{"start":{"line":123,"column":12},"end":{"line":123,"column":79},"skip":true},"34":{"start":{"line":124,"column":12},"end":{"line":124,"column":25},"skip":true},"35":{"start":{"line":125,"column":12},"end":{"line":125,"column":45},"skip":true},"36":{"start":{"line":128,"column":8},"end":{"line":135,"column":14},"skip":true},"37":{"start":{"line":133,"column":16},"end":{"line":133,"column":29},"skip":true},"38":{"start":{"line":134,"column":16},"end":{"line":134,"column":55},"skip":true},"39":{"start":{"line":137,"column":8},"end":{"line":146,"column":10},"skip":true},"40":{"start":{"line":144,"column":12},"end":{"line":144,"column":25},"skip":true},"41":{"start":{"line":145,"column":12},"end":{"line":145,"column":45},"skip":true},"42":{"start":{"line":148,"column":8},"end":{"line":157,"column":10},"skip":true},"43":{"start":{"line":155,"column":12},"end":{"line":155,"column":25},"skip":true},"44":{"start":{"line":156,"column":12},"end":{"line":156,"column":48},"skip":true},"45":{"start":{"line":159,"column":8},"end":{"line":168,"column":10},"skip":true},"46":{"start":{"line":166,"column":12},"end":{"line":166,"column":25},"skip":true},"47":{"start":{"line":167,"column":12},"end":{"line":167,"column":46},"skip":true},"48":{"start":{"line":170,"column":8},"end":{"line":179,"column":10},"skip":true},"49":{"start":{"line":177,"column":12},"end":{"line":177,"column":94},"skip":true},"50":{"start":{"line":178,"column":12},"end":{"line":178,"column":48},"skip":true},"51":{"start":{"line":182,"column":8},"end":{"line":182,"column":35},"skip":true},"52":{"start":{"line":183,"column":8},"end":{"line":183,"column":14},"skip":true}},"branchMap":{"1":{"line":25,"type":"binary-expr","locations":[{"start":{"line":25,"column":23},"end":{"line":25,"column":62}},{"start":{"line":26,"column":20},"end":{"line":26,"column":70}},{"start":{"line":27,"column":20},"end":{"line":27,"column":71}},{"start":{"line":28,"column":20},"end":{"line":28,"column":29}}]},"2":{"line":30,"type":"binary-expr","locations":[{"start":{"line":30,"column":23},"end":{"line":30,"column":37}},{"start":{"line":31,"column":20},"end":{"line":31,"column":61}},{"start":{"line":32,"column":20},"end":{"line":32,"column":70}},{"start":{"line":33,"column":20},"end":{"line":33,"column":26}}]},"3":{"line":37,"type":"cond-expr","locations":[{"start":{"line":38,"column":14},"end":{"line":38,"column":20}},{"start":{"line":39,"column":14},"end":{"line":39,"column":20}}]},"4":{"line":40,"type":"switch","locations":[{"start":{"line":42,"column":8},"end":{"line":47,"column":18}},{"start":{"line":49,"column":8},"end":{"line":52,"column":18}}]},"5":{"line":44,"type":"binary-expr","locations":[{"start":{"line":44,"column":16},"end":{"line":44,"column":44}},{"start":{"line":44,"column":48},"end":{"line":44,"column":66}}]},"6":{"line":50,"type":"binary-expr","locations":[{"start":{"line":50,"column":21},"end":{"line":50,"column":49}},{"start":{"line":50,"column":53},"end":{"line":50,"column":72}}]},"7":{"line":64,"type":"switch","locations":[{"start":{"line":69,"column":4},"end":{"line":70,"column":14}},{"start":{"line":75,"column":4},"end":{"line":76,"column":14}}]},"8":{"line":85,"type":"switch","locations":[{"start":{"line":90,"column":4},"end":{"line":95,"column":14}},{"start":{"line":101,"column":4},"end":{"line":183,"column":14},"skip":true}]},"9":{"line":92,"type":"binary-expr","locations":[{"start":{"line":92,"column":18},"end":{"line":92,"column":32}},{"start":{"line":93,"column":12},"end":{"line":93,"column":53}},{"start":{"line":94,"column":12},"end":{"line":94,"column":61}}]},"10":{"line":102,"type":"binary-expr","locations":[{"start":{"line":102,"column":45},"end":{"line":102,"column":79},"skip":true},{"start":{"line":102,"column":83},"end":{"line":111,"column":9},"skip":true}]},"11":{"line":113,"type":"binary-expr","locations":[{"start":{"line":113,"column":42},"end":{"line":113,"column":73},"skip":true},{"start":{"line":113,"column":77},"end":{"line":126,"column":9},"skip":true}]},"12":{"line":128,"type":"binary-expr","locations":[{"start":{"line":128,"column":48},"end":{"line":128,"column":85},"skip":true},{"start":{"line":129,"column":12},"end":{"line":135,"column":13},"skip":true}]},"13":{"line":137,"type":"binary-expr","locations":[{"start":{"line":137,"column":42},"end":{"line":137,"column":73},"skip":true},{"start":{"line":137,"column":77},"end":{"line":146,"column":9},"skip":true}]},"14":{"line":148,"type":"binary-expr","locations":[{"start":{"line":148,"column":45},"end":{"line":148,"column":79},"skip":true},{"start":{"line":148,"column":83},"end":{"line":157,"column":9},"skip":true}]},"15":{"line":159,"type":"binary-expr","locations":[{"start":{"line":159,"column":43},"end":{"line":159,"column":75},"skip":true},{"start":{"line":159,"column":79},"end":{"line":168,"column":9},"skip":true}]},"16":{"line":170,"type":"binary-expr","locations":[{"start":{"line":170,"column":41},"end":{"line":170,"column":71},"skip":true},{"start":{"line":170,"column":75},"end":{"line":179,"column":9},"skip":true}]}},"code":["/* istanbul instrument in package npmtest_article */","/*jslint","    bitwise: true,","    browser: true,","    maxerr: 8,","    maxlen: 96,","    node: true,","    nomen: true,","    regexp: true,","    stupid: true","*/","(function () {","    'use strict';","    var local;","","","","    // run shared js-env code - pre-init","    (function () {","        // init local","        local = {};","        // init modeJs","        local.modeJs = (function () {","            try {","                return typeof navigator.userAgent === 'string' &&","                    typeof document.querySelector('body') === 'object' &&","                    typeof XMLHttpRequest.prototype.open === 'function' &&","                    'browser';","            } catch (errorCaughtBrowser) {","                return module.exports &&","                    typeof process.versions.node === 'string' &&","                    typeof require('http').createServer === 'function' &&","                    'node';","            }","        }());","        // init global","        local.global = local.modeJs === 'browser'","            ? window","            : global;","        switch (local.modeJs) {","        // re-init local from window.local","        case 'browser':","            local = local.global.utility2.objectSetDefault(","                local.global.utility2_rollup || local.global.local,","                local.global.utility2","            );","            break;","        // re-init local from example.js","        case 'node':","            local = (local.global.utility2_rollup || require('utility2'))","                .requireExampleJsFromReadme();","            break;","        }","        // export local","        local.global.local = local;","    }());","","","","    // run shared js-env code - function","    (function () {","        return;","    }());","    switch (local.modeJs) {","","","","    // run browser js-env code - function","    case 'browser':","        break;","","","","    // run node js-env code - function","    case 'node':","        break;","    }","","","","    // run shared js-env code - post-init","    (function () {","        return;","    }());","    switch (local.modeJs) {","","","","    // run browser js-env code - post-init","    case 'browser':","        // run tests","        local.nop(local.modeTest &&","            document.querySelector('#testRunButton1') &&","            document.querySelector('#testRunButton1').click());","        break;","","","","    // run node js-env code - post-init","    /* istanbul ignore next */","    case 'node':","        local.testCase_buildApidoc_default = local.testCase_buildApidoc_default || function (","            options,","            onError","        ) {","        /*","         * this function will test buildApidoc's default handling-behavior-behavior","         */","            options = { modulePathList: module.paths };","            local.buildApidoc(options, onError);","        };","","        local.testCase_buildApp_default = local.testCase_buildApp_default || function (","            options,","            onError","        ) {","        /*","         * this function will test buildApp's default handling-behavior-behavior","         */","            local.testCase_buildReadme_default(options, local.onErrorThrow);","            local.testCase_buildLib_default(options, local.onErrorThrow);","            local.testCase_buildTest_default(options, local.onErrorThrow);","            local.testCase_buildCustomOrg_default(options, local.onErrorThrow);","            options = [];","            local.buildApp(options, onError);","        };","","        local.testCase_buildCustomOrg_default = local.testCase_buildCustomOrg_default ||","            function (options, onError) {","            /*","             * this function will test buildCustomOrg's default handling-behavior","             */","                options = {};","                local.buildCustomOrg(options, onError);","            };","","        local.testCase_buildLib_default = local.testCase_buildLib_default || function (","            options,","            onError","        ) {","        /*","         * this function will test buildLib's default handling-behavior","         */","            options = {};","            local.buildLib(options, onError);","        };","","        local.testCase_buildReadme_default = local.testCase_buildReadme_default || function (","            options,","            onError","        ) {","        /*","         * this function will test buildReadme's default handling-behavior-behavior","         */","            options = {};","            local.buildReadme(options, onError);","        };","","        local.testCase_buildTest_default = local.testCase_buildTest_default || function (","            options,","            onError","        ) {","        /*","         * this function will test buildTest's default handling-behavior","         */","            options = {};","            local.buildTest(options, onError);","        };","","        local.testCase_webpage_default = local.testCase_webpage_default || function (","            options,","            onError","        ) {","        /*","         * this function will test webpage's default handling-behavior","         */","            options = { modeCoverageMerge: true, url: local.serverLocalHost + '?modeTest=1' };","            local.browserTest(options, onError);","        };","","        // run test-server","        local.testRunServer(local);","        break;","    }","}());",""],"l":{"12":2,"14":2,"19":2,"21":2,"23":2,"24":2,"25":2,"30":1,"37":2,"40":2,"43":1,"47":1,"50":1,"52":1,"55":2,"61":2,"62":2,"64":2,"70":1,"76":1,"82":2,"83":2,"85":2,"92":1,"95":1,"102":1,"109":1,"110":1,"113":1,"120":1,"121":1,"122":1,"123":1,"124":1,"125":1,"128":1,"133":2,"134":2,"137":1,"144":2,"145":2,"148":1,"155":2,"156":2,"159":1,"166":2,"167":2,"170":1,"177":1,"178":1,"182":1,"183":1}},"/home/travis/build/npmtest/node-npmtest-article/lib.npmtest_article.js":{"path":"/home/travis/build/npmtest/node-npmtest-article/lib.npmtest_article.js","s":{"1":2,"2":2,"3":2,"4":2,"5":2,"6":2,"7":2,"8":1,"9":2,"10":2,"11":2,"12":2,"13":1,"14":1,"15":1,"16":1},"b":{"1":[2,1,1,1],"2":[1,1,1,1],"3":[1,1],"4":[2,2],"5":[1,1]},"f":{"1":2,"2":2,"3":2},"fnMap":{"1":{"name":"(anonymous_1)","line":12,"loc":{"start":{"line":12,"column":1},"end":{"line":12,"column":13}}},"2":{"name":"(anonymous_2)","line":19,"loc":{"start":{"line":19,"column":5},"end":{"line":19,"column":17}}},"3":{"name":"(anonymous_3)","line":23,"loc":{"start":{"line":23,"column":24},"end":{"line":23,"column":36}}}},"statementMap":{"1":{"start":{"line":12,"column":0},"end":{"line":53,"column":5}},"2":{"start":{"line":14,"column":4},"end":{"line":14,"column":14}},"3":{"start":{"line":19,"column":4},"end":{"line":52,"column":9}},"4":{"start":{"line":21,"column":8},"end":{"line":21,"column":19}},"5":{"start":{"line":23,"column":8},"end":{"line":35,"column":13}},"6":{"start":{"line":24,"column":12},"end":{"line":34,"column":13}},"7":{"start":{"line":25,"column":16},"end":{"line":28,"column":30}},"8":{"start":{"line":30,"column":16},"end":{"line":33,"column":27}},"9":{"start":{"line":37,"column":8},"end":{"line":39,"column":21}},"10":{"start":{"line":41,"column":8},"end":{"line":41,"column":54}},"11":{"start":{"line":43,"column":8},"end":{"line":43,"column":52}},"12":{"start":{"line":45,"column":8},"end":{"line":51,"column":9}},"13":{"start":{"line":46,"column":12},"end":{"line":46,"column":58}},"14":{"start":{"line":48,"column":12},"end":{"line":48,"column":35}},"15":{"start":{"line":49,"column":12},"end":{"line":49,"column":49}},"16":{"start":{"line":50,"column":12},"end":{"line":50,"column":43}}},"branchMap":{"1":{"line":25,"type":"binary-expr","locations":[{"start":{"line":25,"column":23},"end":{"line":25,"column":62}},{"start":{"line":26,"column":20},"end":{"line":26,"column":70}},{"start":{"line":27,"column":20},"end":{"line":27,"column":71}},{"start":{"line":28,"column":20},"end":{"line":28,"column":29}}]},"2":{"line":30,"type":"binary-expr","locations":[{"start":{"line":30,"column":23},"end":{"line":30,"column":37}},{"start":{"line":31,"column":20},"end":{"line":31,"column":61}},{"start":{"line":32,"column":20},"end":{"line":32,"column":70}},{"start":{"line":33,"column":20},"end":{"line":33,"column":26}}]},"3":{"line":37,"type":"cond-expr","locations":[{"start":{"line":38,"column":14},"end":{"line":38,"column":20}},{"start":{"line":39,"column":14},"end":{"line":39,"column":20}}]},"4":{"line":41,"type":"binary-expr","locations":[{"start":{"line":41,"column":16},"end":{"line":41,"column":44}},{"start":{"line":41,"column":48},"end":{"line":41,"column":53}}]},"5":{"line":45,"type":"if","locations":[{"start":{"line":45,"column":8},"end":{"line":45,"column":8}},{"start":{"line":45,"column":8},"end":{"line":45,"column":8}}]}},"code":["/* istanbul instrument in package npmtest_article */","/*jslint","    bitwise: true,","    browser: true,","    maxerr: 8,","    maxlen: 96,","    node: true,","    nomen: true,","    regexp: true,","    stupid: true","*/","(function () {","    'use strict';","    var local;","","","","    // run shared js-env code - pre-init","    (function () {","        // init local","        local = {};","        // init modeJs","        local.modeJs = (function () {","            try {","                return typeof navigator.userAgent === 'string' &&","                    typeof document.querySelector('body') === 'object' &&","                    typeof XMLHttpRequest.prototype.open === 'function' &&","                    'browser';","            } catch (errorCaughtBrowser) {","                return module.exports &&","                    typeof process.versions.node === 'string' &&","                    typeof require('http').createServer === 'function' &&","                    'node';","            }","        }());","        // init global","        local.global = local.modeJs === 'browser'","            ? window","            : global;","        // init utility2_rollup","        local = local.global.utility2_rollup || local;","        // init lib","        local.local = local.npmtest_article = local;","        // init exports","        if (local.modeJs === 'browser') {","            local.global.utility2_npmtest_article = local;","        } else {","            module.exports = local;","            module.exports.__dirname = __dirname;","            module.exports.module = module;","        }","    }());","}());",""],"l":{"12":2,"14":2,"19":2,"21":2,"23":2,"24":2,"25":2,"30":1,"37":2,"41":2,"43":2,"45":2,"46":1,"48":1,"49":1,"50":1}},"/home/travis/build/npmtest/node-npmtest-article/example.js":{"path":"/home/travis/build/npmtest/node-npmtest-article/example.js","s":{"1":2,"2":2,"3":2,"4":2,"5":2,"6":2,"7":2,"8":1,"9":2,"10":2,"11":2,"12":2,"13":1,"14":2,"15":2,"16":2,"17":2,"18":2,"19":0,"20":2,"21":1,"22":1,"23":1,"24":1,"25":1,"26":0,"27":0,"28":1,"29":1,"30":2,"31":0,"32":0,"33":0,"34":1,"35":2,"36":2,"37":2,"38":2,"39":2,"40":2,"41":0,"42":2,"43":2,"44":2,"45":1,"46":3,"47":1,"48":1,"49":1,"50":1,"51":1,"52":1,"53":1,"54":1,"55":1,"56":1,"57":0,"58":1,"59":6,"60":6,"61":1,"62":2,"63":0,"64":2,"65":1,"66":1,"67":0,"68":0,"69":0,"70":0,"71":0,"72":0,"73":0,"74":0,"75":0,"76":0,"77":0,"78":0,"79":0,"80":0,"81":0,"82":0,"83":0},"b":{"1":[2,1,1,1],"2":[1,1,1,1],"3":[1,1],"4":[2,2],"5":[1,1],"6":[1,1],"7":[2,0],"8":[2,1,1,1,1,1],"9":[0,2,0],"10":[1,1],"11":[2,1,1],"12":[1,0],"13":[0,2],"14":[2,0,0,0,0,0,0],"15":[0,2],"16":[2,0],"17":[1,1],"18":[0,1],"19":[1,2,0,2],"20":[1,0],"21":[1,1],"22":[0,0],"23":[0,0],"24":[0,0],"25":[0,0],"26":[0,0],"27":[0,0],"28":[0,0]},"f":{"1":2,"2":2,"3":2,"4":2,"5":2,"6":2,"7":2,"8":2,"9":3,"10":1,"11":6,"12":0},"fnMap":{"1":{"name":"(anonymous_1)","line":26,"loc":{"start":{"line":26,"column":1},"end":{"line":26,"column":13}}},"2":{"name":"(anonymous_2)","line":33,"loc":{"start":{"line":33,"column":5},"end":{"line":33,"column":17}}},"3":{"name":"(anonymous_3)","line":37,"loc":{"start":{"line":37,"column":24},"end":{"line":37,"column":36}}},"4":{"name":"(anonymous_4)","line":69,"loc":{"start":{"line":69,"column":31},"end":{"line":69,"column":48}},"skip":true},"5":{"name":"(anonymous_5)","line":78,"loc":{"start":{"line":78,"column":26},"end":{"line":78,"column":45}},"skip":true},"6":{"name":"(anonymous_6)","line":123,"loc":{"start":{"line":123,"column":33},"end":{"line":123,"column":48}},"skip":true},"7":{"name":"(anonymous_7)","line":125,"loc":{"start":{"line":125,"column":27},"end":{"line":125,"column":39}},"skip":true},"8":{"name":"(anonymous_8)","line":133,"loc":{"start":{"line":133,"column":59},"end":{"line":133,"column":74}},"skip":true},"9":{"name":"(anonymous_9)","line":143,"loc":{"start":{"line":143,"column":45},"end":{"line":143,"column":62}},"skip":true},"10":{"name":"(anonymous_10)","line":144,"loc":{"start":{"line":144,"column":73},"end":{"line":144,"column":92}},"skip":true},"11":{"name":"(anonymous_11)","line":272,"loc":{"start":{"line":272,"column":51},"end":{"line":272,"column":77}},"skip":true},"12":{"name":"(anonymous_12)","line":314,"loc":{"start":{"line":314,"column":32},"end":{"line":314,"column":61}},"skip":true}},"statementMap":{"1":{"start":{"line":26,"column":0},"end":{"line":325,"column":5}},"2":{"start":{"line":28,"column":4},"end":{"line":28,"column":14}},"3":{"start":{"line":33,"column":4},"end":{"line":60,"column":9}},"4":{"start":{"line":35,"column":8},"end":{"line":35,"column":19}},"5":{"start":{"line":37,"column":8},"end":{"line":49,"column":13}},"6":{"start":{"line":38,"column":12},"end":{"line":48,"column":13}},"7":{"start":{"line":39,"column":16},"end":{"line":42,"column":30}},"8":{"start":{"line":44,"column":16},"end":{"line":47,"column":27}},"9":{"start":{"line":51,"column":8},"end":{"line":53,"column":21}},"10":{"start":{"line":55,"column":8},"end":{"line":57,"column":45}},"11":{"start":{"line":59,"column":8},"end":{"line":59,"column":35}},"12":{"start":{"line":61,"column":4},"end":{"line":324,"column":5}},"13":{"start":{"line":69,"column":8},"end":{"line":121,"column":10},"skip":true},"14":{"start":{"line":70,"column":12},"end":{"line":88,"column":13},"skip":true},"15":{"start":{"line":76,"column":16},"end":{"line":87,"column":19},"skip":true},"16":{"start":{"line":79,"column":20},"end":{"line":86,"column":21},"skip":true},"17":{"start":{"line":82,"column":24},"end":{"line":82,"column":43},"skip":true},"18":{"start":{"line":83,"column":24},"end":{"line":83,"column":30},"skip":true},"19":{"start":{"line":85,"column":24},"end":{"line":85,"column":49},"skip":true},"20":{"start":{"line":89,"column":12},"end":{"line":107,"column":13},"skip":true},"21":{"start":{"line":92,"column":16},"end":{"line":102,"column":17},"skip":true},"22":{"start":{"line":93,"column":20},"end":{"line":93,"column":86},"skip":true},"23":{"start":{"line":94,"column":20},"end":{"line":95,"column":45},"skip":true},"24":{"start":{"line":96,"column":20},"end":{"line":96,"column":42},"skip":true},"25":{"start":{"line":97,"column":20},"end":{"line":97,"column":48},"skip":true},"26":{"start":{"line":100,"column":20},"end":{"line":100,"column":85},"skip":true},"27":{"start":{"line":101,"column":20},"end":{"line":101,"column":96},"skip":true},"28":{"start":{"line":103,"column":16},"end":{"line":103,"column":22},"skip":true},"29":{"start":{"line":106,"column":16},"end":{"line":106,"column":22},"skip":true},"30":{"start":{"line":108,"column":12},"end":{"line":120,"column":13},"skip":true},"31":{"start":{"line":114,"column":16},"end":{"line":119,"column":17},"skip":true},"32":{"start":{"line":116,"column":20},"end":{"line":116,"column":78},"skip":true},"33":{"start":{"line":118,"column":20},"end":{"line":118,"column":47},"skip":true},"34":{"start":{"line":123,"column":8},"end":{"line":141,"column":11},"skip":true},"35":{"start":{"line":124,"column":12},"end":{"line":124,"column":54},"skip":true},"36":{"start":{"line":125,"column":12},"end":{"line":140,"column":14},"skip":true},"37":{"start":{"line":126,"column":16},"end":{"line":126,"column":28},"skip":true},"38":{"start":{"line":127,"column":16},"end":{"line":127,"column":69},"skip":true},"39":{"start":{"line":128,"column":16},"end":{"line":128,"column":75},"skip":true},"40":{"start":{"line":129,"column":16},"end":{"line":131,"column":17},"skip":true},"41":{"start":{"line":130,"column":20},"end":{"line":130,"column":27},"skip":true},"42":{"start":{"line":133,"column":16},"end":{"line":137,"column":36},"skip":true},"43":{"start":{"line":134,"column":20},"end":{"line":136,"column":55},"skip":true},"44":{"start":{"line":139,"column":16},"end":{"line":139,"column":57},"skip":true},"45":{"start":{"line":143,"column":8},"end":{"line":147,"column":11},"skip":true},"46":{"start":{"line":144,"column":12},"end":{"line":146,"column":15},"skip":true},"47":{"start":{"line":145,"column":16},"end":{"line":145,"column":70},"skip":true},"48":{"start":{"line":149,"column":8},"end":{"line":149,"column":31},"skip":true},"49":{"start":{"line":150,"column":8},"end":{"line":150,"column":14},"skip":true},"50":{"start":{"line":158,"column":8},"end":{"line":158,"column":31},"skip":true},"51":{"start":{"line":160,"column":8},"end":{"line":160,"column":33},"skip":true},"52":{"start":{"line":161,"column":8},"end":{"line":161,"column":37},"skip":true},"53":{"start":{"line":162,"column":8},"end":{"line":162,"column":35},"skip":true},"54":{"start":{"line":164,"column":8},"end":{"line":164,"column":50},"skip":true},"55":{"start":{"line":166,"column":8},"end":{"line":256,"column":2},"skip":true},"56":{"start":{"line":258,"column":8},"end":{"line":286,"column":9},"skip":true},"57":{"start":{"line":259,"column":12},"end":{"line":269,"column":14},"skip":true},"58":{"start":{"line":271,"column":12},"end":{"line":285,"column":19},"skip":true},"59":{"start":{"line":274,"column":20},"end":{"line":274,"column":35},"skip":true},"60":{"start":{"line":275,"column":20},"end":{"line":284,"column":21},"skip":true},"61":{"start":{"line":277,"column":24},"end":{"line":277,"column":64},"skip":true},"62":{"start":{"line":279,"column":24},"end":{"line":279,"column":40},"skip":true},"63":{"start":{"line":281,"column":24},"end":{"line":281,"column":40},"skip":true},"64":{"start":{"line":283,"column":24},"end":{"line":283,"column":39},"skip":true},"65":{"start":{"line":288,"column":8},"end":{"line":290,"column":9},"skip":true},"66":{"start":{"line":289,"column":12},"end":{"line":289,"column":18},"skip":true},"67":{"start":{"line":291,"column":8},"end":{"line":293,"column":54},"skip":true},"68":{"start":{"line":294,"column":8},"end":{"line":301,"column":37},"skip":true},"69":{"start":{"line":302,"column":8},"end":{"line":302,"column":82},"skip":true},"70":{"start":{"line":305,"column":8},"end":{"line":307,"column":9},"skip":true},"71":{"start":{"line":306,"column":12},"end":{"line":306,"column":82},"skip":true},"72":{"start":{"line":309,"column":8},"end":{"line":311,"column":9},"skip":true},"73":{"start":{"line":310,"column":12},"end":{"line":310,"column":18},"skip":true},"74":{"start":{"line":312,"column":8},"end":{"line":312,"column":54},"skip":true},"75":{"start":{"line":313,"column":8},"end":{"line":313,"column":69},"skip":true},"76":{"start":{"line":314,"column":8},"end":{"line":322,"column":36},"skip":true},"77":{"start":{"line":315,"column":12},"end":{"line":315,"column":61},"skip":true},"78":{"start":{"line":316,"column":12},"end":{"line":319,"column":13},"skip":true},"79":{"start":{"line":317,"column":16},"end":{"line":317,"column":75},"skip":true},"80":{"start":{"line":318,"column":16},"end":{"line":318,"column":23},"skip":true},"81":{"start":{"line":320,"column":12},"end":{"line":320,"column":38},"skip":true},"82":{"start":{"line":321,"column":12},"end":{"line":321,"column":27},"skip":true},"83":{"start":{"line":323,"column":8},"end":{"line":323,"column":14},"skip":true}},"branchMap":{"1":{"line":39,"type":"binary-expr","locations":[{"start":{"line":39,"column":23},"end":{"line":39,"column":62}},{"start":{"line":40,"column":20},"end":{"line":40,"column":70}},{"start":{"line":41,"column":20},"end":{"line":41,"column":71}},{"start":{"line":42,"column":20},"end":{"line":42,"column":29}}]},"2":{"line":44,"type":"binary-expr","locations":[{"start":{"line":44,"column":23},"end":{"line":44,"column":37}},{"start":{"line":45,"column":20},"end":{"line":45,"column":61}},{"start":{"line":46,"column":20},"end":{"line":46,"column":70}},{"start":{"line":47,"column":20},"end":{"line":47,"column":26}}]},"3":{"line":51,"type":"cond-expr","locations":[{"start":{"line":52,"column":14},"end":{"line":52,"column":20}},{"start":{"line":53,"column":14},"end":{"line":53,"column":20}}]},"4":{"line":55,"type":"binary-expr","locations":[{"start":{"line":55,"column":16},"end":{"line":55,"column":44}},{"start":{"line":55,"column":49},"end":{"line":57,"column":43}}]},"5":{"line":55,"type":"cond-expr","locations":[{"start":{"line":56,"column":14},"end":{"line":56,"column":51}},{"start":{"line":57,"column":14},"end":{"line":57,"column":43}}]},"6":{"line":61,"type":"switch","locations":[{"start":{"line":68,"column":4},"end":{"line":150,"column":14},"skip":true},{"start":{"line":156,"column":4},"end":{"line":323,"column":14},"skip":true}]},"7":{"line":70,"type":"if","locations":[{"start":{"line":70,"column":12},"end":{"line":70,"column":12},"skip":true},{"start":{"line":70,"column":12},"end":{"line":70,"column":12},"skip":true}]},"8":{"line":70,"type":"binary-expr","locations":[{"start":{"line":70,"column":16},"end":{"line":70,"column":22},"skip":true},{"start":{"line":70,"column":27},"end":{"line":70,"column":32},"skip":true},{"start":{"line":71,"column":20},"end":{"line":71,"column":39},"skip":true},{"start":{"line":72,"column":20},"end":{"line":72,"column":49},"skip":true},{"start":{"line":73,"column":20},"end":{"line":73,"column":58},"skip":true},{"start":{"line":74,"column":20},"end":{"line":74,"column":69},"skip":true}]},"9":{"line":79,"type":"switch","locations":[{"start":{"line":80,"column":20},"end":{"line":80,"column":33},"skip":true},{"start":{"line":81,"column":20},"end":{"line":83,"column":30},"skip":true},{"start":{"line":84,"column":20},"end":{"line":85,"column":49},"skip":true}]},"10":{"line":89,"type":"switch","locations":[{"start":{"line":90,"column":12},"end":{"line":103,"column":22},"skip":true},{"start":{"line":105,"column":12},"end":{"line":106,"column":22},"skip":true}]},"11":{"line":89,"type":"binary-expr","locations":[{"start":{"line":89,"column":20},"end":{"line":89,"column":25},"skip":true},{"start":{"line":89,"column":29},"end":{"line":89,"column":48},"skip":true},{"start":{"line":89,"column":52},"end":{"line":89,"column":74},"skip":true}]},"12":{"line":92,"type":"if","locations":[{"start":{"line":92,"column":16},"end":{"line":92,"column":16},"skip":true},{"start":{"line":92,"column":16},"end":{"line":92,"column":16},"skip":true}]},"13":{"line":108,"type":"if","locations":[{"start":{"line":108,"column":12},"end":{"line":108,"column":12},"skip":true},{"start":{"line":108,"column":12},"end":{"line":108,"column":12},"skip":true}]},"14":{"line":108,"type":"binary-expr","locations":[{"start":{"line":108,"column":16},"end":{"line":108,"column":61},"skip":true},{"start":{"line":108,"column":66},"end":{"line":108,"column":72},"skip":true},{"start":{"line":108,"column":77},"end":{"line":108,"column":82},"skip":true},{"start":{"line":109,"column":20},"end":{"line":109,"column":39},"skip":true},{"start":{"line":110,"column":20},"end":{"line":110,"column":49},"skip":true},{"start":{"line":111,"column":20},"end":{"line":111,"column":58},"skip":true},{"start":{"line":112,"column":20},"end":{"line":112,"column":68},"skip":true}]},"15":{"line":129,"type":"if","locations":[{"start":{"line":129,"column":16},"end":{"line":129,"column":16},"skip":true},{"start":{"line":129,"column":16},"end":{"line":129,"column":16},"skip":true}]},"16":{"line":134,"type":"cond-expr","locations":[{"start":{"line":135,"column":26},"end":{"line":135,"column":29},"skip":true},{"start":{"line":136,"column":26},"end":{"line":136,"column":54},"skip":true}]},"17":{"line":164,"type":"binary-expr","locations":[{"start":{"line":164,"column":27},"end":{"line":164,"column":43},"skip":true},{"start":{"line":164,"column":47},"end":{"line":164,"column":49},"skip":true}]},"18":{"line":258,"type":"if","locations":[{"start":{"line":258,"column":8},"end":{"line":258,"column":8},"skip":true},{"start":{"line":258,"column":8},"end":{"line":258,"column":8},"skip":true}]},"19":{"line":275,"type":"switch","locations":[{"start":{"line":276,"column":20},"end":{"line":277,"column":64},"skip":true},{"start":{"line":278,"column":20},"end":{"line":279,"column":40},"skip":true},{"start":{"line":280,"column":20},"end":{"line":281,"column":40},"skip":true},{"start":{"line":282,"column":20},"end":{"line":283,"column":39},"skip":true}]},"20":{"line":288,"type":"if","locations":[{"start":{"line":288,"column":8},"end":{"line":288,"column":8},"skip":true},{"start":{"line":288,"column":8},"end":{"line":288,"column":8},"skip":true}]},"21":{"line":288,"type":"binary-expr","locations":[{"start":{"line":288,"column":12},"end":{"line":288,"column":40},"skip":true},{"start":{"line":288,"column":44},"end":{"line":288,"column":67},"skip":true}]},"22":{"line":292,"type":"binary-expr","locations":[{"start":{"line":292,"column":12},"end":{"line":292,"column":50},"skip":true},{"start":{"line":293,"column":12},"end":{"line":293,"column":53},"skip":true}]},"23":{"line":295,"type":"binary-expr","locations":[{"start":{"line":295,"column":12},"end":{"line":295,"column":65},"skip":true},{"start":{"line":296,"column":12},"end":{"line":301,"column":36},"skip":true}]},"24":{"line":302,"type":"binary-expr","locations":[{"start":{"line":302,"column":43},"end":{"line":302,"column":75},"skip":true},{"start":{"line":302,"column":79},"end":{"line":302,"column":81},"skip":true}]},"25":{"line":305,"type":"if","locations":[{"start":{"line":305,"column":8},"end":{"line":305,"column":8},"skip":true},{"start":{"line":305,"column":8},"end":{"line":305,"column":8},"skip":true}]},"26":{"line":309,"type":"if","locations":[{"start":{"line":309,"column":8},"end":{"line":309,"column":8},"skip":true},{"start":{"line":309,"column":8},"end":{"line":309,"column":8},"skip":true}]},"27":{"line":312,"type":"binary-expr","locations":[{"start":{"line":312,"column":27},"end":{"line":312,"column":43},"skip":true},{"start":{"line":312,"column":47},"end":{"line":312,"column":53},"skip":true}]},"28":{"line":316,"type":"if","locations":[{"start":{"line":316,"column":12},"end":{"line":316,"column":12},"skip":true},{"start":{"line":316,"column":12},"end":{"line":316,"column":12},"skip":true}]}},"code":["/*","example.js","","quickstart example","","instruction","    1. save this script as example.js","    2. run the shell command:","        $ npm install npmtest-article && PORT=8081 node example.js","    3. play with the browser-demo on http://127.0.0.1:8081","*/","","","","/* istanbul instrument in package npmtest_article */","/*jslint","    bitwise: true,","    browser: true,","    maxerr: 8,","    maxlen: 96,","    node: true,","    nomen: true,","    regexp: true,","    stupid: true","*/","(function () {","    'use strict';","    var local;","","","","    // run shared js-env code - pre-init","    (function () {","        // init local","        local = {};","        // init modeJs","        local.modeJs = (function () {","            try {","                return typeof navigator.userAgent === 'string' &&","                    typeof document.querySelector('body') === 'object' &&","                    typeof XMLHttpRequest.prototype.open === 'function' &&","                    'browser';","            } catch (errorCaughtBrowser) {","                return module.exports &&","                    typeof process.versions.node === 'string' &&","                    typeof require('http').createServer === 'function' &&","                    'node';","            }","        }());","        // init global","        local.global = local.modeJs === 'browser'","            ? window","            : global;","        // init utility2_rollup","        local = local.global.utility2_rollup || (local.modeJs === 'browser'","            ? local.global.utility2_npmtest_article","            : global.utility2_moduleExports);","        // export local","        local.global.local = local;","    }());","    switch (local.modeJs) {","","","","    // post-init","    // run browser js-env code - post-init","    /* istanbul ignore next */","    case 'browser':","        local.testRunBrowser = function (event) {","            if (!event || (event &&","                    event.currentTarget &&","                    event.currentTarget.className &&","                    event.currentTarget.className.includes &&","                    event.currentTarget.className.includes('onreset'))) {","                // reset output","                Array.from(","                    document.querySelectorAll('body > .resettable')","                ).forEach(function (element) {","                    switch (element.tagName) {","                    case 'INPUT':","                    case 'TEXTAREA':","                        element.value = '';","                        break;","                    default:","                        element.textContent = '';","                    }","                });","            }","            switch (event && event.currentTarget && event.currentTarget.id) {","            case 'testRunButton1':","                // show tests","                if (document.querySelector('#testReportDiv1').style.display === 'none') {","                    document.querySelector('#testReportDiv1').style.display = 'block';","                    document.querySelector('#testRunButton1').textContent =","                        'hide internal test';","                    local.modeTest = true;","                    local.testRunDefault(local);","                // hide tests","                } else {","                    document.querySelector('#testReportDiv1').style.display = 'none';","                    document.querySelector('#testRunButton1').textContent = 'run internal test';","                }","                break;","            // custom-case","            default:","                break;","            }","            if (document.querySelector('#inputTextareaEval1') && (!event || (event &&","                    event.currentTarget &&","                    event.currentTarget.className &&","                    event.currentTarget.className.includes &&","                    event.currentTarget.className.includes('oneval')))) {","                // try to eval input-code","                try {","                    /*jslint evil: true*/","                    eval(document.querySelector('#inputTextareaEval1').value);","                } catch (errorCaught) {","                    console.error(errorCaught);","                }","            }","        };","        // log stderr and stdout to #outputTextareaStdout1","        ['error', 'log'].forEach(function (key) {","            console[key + '_original'] = console[key];","            console[key] = function () {","                var element;","                console[key + '_original'].apply(console, arguments);","                element = document.querySelector('#outputTextareaStdout1');","                if (!element) {","                    return;","                }","                // append text to #outputTextareaStdout1","                element.value += Array.from(arguments).map(function (arg) {","                    return typeof arg === 'string'","                        ? arg","                        : JSON.stringify(arg, null, 4);","                }).join(' ') + '\\n';","                // scroll textarea to bottom","                element.scrollTop = element.scrollHeight;","            };","        });","        // init event-handling","        ['change', 'click', 'keyup'].forEach(function (event) {","            Array.from(document.querySelectorAll('.on' + event)).forEach(function (element) {","                element.addEventListener(event, local.testRunBrowser);","            });","        });","        // run tests","        local.testRunBrowser();","        break;","","","","    // run node js-env code - post-init","    /* istanbul ignore next */","    case 'node':","        // export local","        module.exports = local;","        // require modules","        local.fs = require('fs');","        local.http = require('http');","        local.url = require('url');","        // init assets","        local.assetsDict = local.assetsDict || {};","        /* jslint-ignore-begin */","        local.assetsDict['/assets.index.template.html'] = '\\","<!doctype html>\\n\\","<html lang=\"en\">\\n\\","<head>\\n\\","<meta charset=\"UTF-8\">\\n\\","<meta name=\"viewport\" content=\"width=device-width, initial-scale=1\">\\n\\","<title>{{env.npm_package_name}} (v{{env.npm_package_version}})</title>\\n\\","<style>\\n\\","/*csslint\\n\\","    box-sizing: false,\\n\\","    universal-selector: false\\n\\","*/\\n\\","* {\\n\\","    box-sizing: border-box;\\n\\","}\\n\\","body {\\n\\","    background: #dde;\\n\\","    font-family: Arial, Helvetica, sans-serif;\\n\\","    margin: 2rem;\\n\\","}\\n\\","body > * {\\n\\","    margin-bottom: 1rem;\\n\\","}\\n\\",".utility2FooterDiv {\\n\\","    margin-top: 20px;\\n\\","    text-align: center;\\n\\","}\\n\\","</style>\\n\\","<style>\\n\\","/*csslint\\n\\","*/\\n\\","textarea {\\n\\","    font-family: monospace;\\n\\","    height: 10rem;\\n\\","    width: 100%;\\n\\","}\\n\\","textarea[readonly] {\\n\\","    background: #ddd;\\n\\","}\\n\\","</style>\\n\\","</head>\\n\\","<body>\\n\\","<!-- utility2-comment\\n\\","<div id=\"ajaxProgressDiv1\" style=\"background: #d00; height: 2px; left: 0; margin: 0; padding: 0; position: fixed; top: 0; transition: background 0.5s, width 1.5s; width: 25%;\"></div>\\n\\","utility2-comment -->\\n\\","<h1>\\n\\","<!-- utility2-comment\\n\\","    <a\\n\\","        {{#if env.npm_package_homepage}}\\n\\","        href=\"{{env.npm_package_homepage}}\"\\n\\","        {{/if env.npm_package_homepage}}\\n\\","        target=\"_blank\"\\n\\","    >\\n\\","utility2-comment -->\\n\\","        {{env.npm_package_name}} (v{{env.npm_package_version}})\\n\\","<!-- utility2-comment\\n\\","    </a>\\n\\","utility2-comment -->\\n\\","</h1>\\n\\","<h3>{{env.npm_package_description}}</h3>\\n\\","<!-- utility2-comment\\n\\","<h4><a download href=\"assets.app.js\">download standalone app</a></h4>\\n\\","<button class=\"onclick onreset\" id=\"testRunButton1\">run internal test</button><br>\\n\\","<div id=\"testReportDiv1\" style=\"display: none;\"></div>\\n\\","utility2-comment -->\\n\\","\\n\\","\\n\\","\\n\\","<label>stderr and stdout</label>\\n\\","<textarea class=\"resettable\" id=\"outputTextareaStdout1\" readonly></textarea>\\n\\","<!-- utility2-comment\\n\\","{{#if isRollup}}\\n\\","<script src=\"assets.app.js\"></script>\\n\\","{{#unless isRollup}}\\n\\","utility2-comment -->\\n\\","<script src=\"assets.utility2.rollup.js\"></script>\\n\\","<script src=\"jsonp.utility2._stateInit?callback=window.utility2._stateInit\"></script>\\n\\","<script src=\"assets.npmtest_article.rollup.js\"></script>\\n\\","<script src=\"assets.example.js\"></script>\\n\\","<script src=\"assets.test.js\"></script>\\n\\","<!-- utility2-comment\\n\\","{{/if isRollup}}\\n\\","utility2-comment -->\\n\\","<div class=\"utility2FooterDiv\">\\n\\","    [ this app was created with\\n\\","    <a href=\"https://github.com/kaizhu256/node-utility2\" target=\"_blank\">utility2</a>\\n\\","    ]\\n\\","</div>\\n\\","</body>\\n\\","</html>\\n\\","';","        /* jslint-ignore-end */","        if (local.templateRender) {","            local.assetsDict['/'] = local.templateRender(","                local.assetsDict['/assets.index.template.html'],","                {","                    env: local.objectSetDefault(local.env, {","                        npm_package_description: 'the greatest app in the world!',","                        npm_package_name: 'my-app',","                        npm_package_nameAlias: 'my_app',","                        npm_package_version: '0.0.1'","                    })","                }","            );","        } else {","            local.assetsDict['/'] = local.assetsDict['/assets.index.template.html']","                .replace((/\\{\\{env\\.(\\w+?)\\}\\}/g), function (match0, match1) {","                    // jslint-hack","                    String(match0);","                    switch (match1) {","                    case 'npm_package_description':","                        return 'the greatest app in the world!';","                    case 'npm_package_name':","                        return 'my-app';","                    case 'npm_package_nameAlias':","                        return 'my_app';","                    case 'npm_package_version':","                        return '0.0.1';","                    }","                });","        }","        // run the cli","        if (local.global.utility2_rollup || module !== require.main) {","            break;","        }","        local.assetsDict['/assets.example.js'] =","            local.assetsDict['/assets.example.js'] ||","            local.fs.readFileSync(__filename, 'utf8');","        local.assetsDict['/assets.npmtest_article.rollup.js'] =","            local.assetsDict['/assets.npmtest_article.rollup.js'] ||","            local.fs.readFileSync(","                // buildCustomOrg-hack","                local.npmtest_article.__dirname +","                    '/lib.npmtest_article.js',","                'utf8'","            ).replace((/^#!/), '//');","        local.assetsDict['/favicon.ico'] = local.assetsDict['/favicon.ico'] || '';","        // if $npm_config_timeout_exit exists,","        // then exit this process after $npm_config_timeout_exit ms","        if (Number(process.env.npm_config_timeout_exit)) {","            setTimeout(process.exit, Number(process.env.npm_config_timeout_exit));","        }","        // start server","        if (local.global.utility2_serverHttp1) {","            break;","        }","        process.env.PORT = process.env.PORT || '8081';","        console.error('server starting on port ' + process.env.PORT);","        local.http.createServer(function (request, response) {","            request.urlParsed = local.url.parse(request.url);","            if (local.assetsDict[request.urlParsed.pathname] !== undefined) {","                response.end(local.assetsDict[request.urlParsed.pathname]);","                return;","            }","            response.statusCode = 404;","            response.end();","        }).listen(process.env.PORT);","        break;","    }","}());",""],"l":{"26":2,"28":2,"33":2,"35":2,"37":2,"38":2,"39":2,"44":1,"51":2,"55":2,"59":2,"61":2,"69":1,"70":2,"76":2,"79":2,"82":2,"83":2,"85":1,"89":2,"92":1,"93":1,"94":1,"96":1,"97":1,"100":1,"101":1,"103":1,"106":1,"108":2,"114":1,"116":1,"118":1,"123":1,"124":2,"125":2,"126":2,"127":2,"128":2,"129":2,"130":1,"133":2,"134":2,"139":2,"143":1,"144":3,"145":1,"149":1,"150":1,"158":1,"160":1,"161":1,"162":1,"164":1,"166":1,"258":1,"259":1,"271":1,"274":6,"275":6,"277":1,"279":2,"281":1,"283":2,"288":1,"289":1,"291":1,"294":1,"302":1,"305":1,"306":1,"309":1,"310":1,"312":1,"313":1,"314":1,"315":1,"316":1,"317":1,"318":1,"320":1,"321":1,"323":1}},"/home/travis/build/npmtest/node-npmtest-article/node_modules/article/lib/article.js":{"path":"/home/travis/build/npmtest/node-npmtest-article/node_modules/article/lib/article.js","s":{"1":1,"2":1,"3":1,"4":1,"5":1,"6":1,"7":1,"8":0,"9":0,"10":0,"11":0,"12":0,"13":0,"14":0,"15":0,"16":0,"17":1,"18":1,"19":1,"20":0,"21":0,"22":0,"23":1,"24":0,"25":0,"26":0,"27":0,"28":0,"29":0,"30":0,"31":0,"32":0},"b":{"1":[0,0]},"f":{"1":0,"2":0,"3":0},"fnMap":{"1":{"name":"Article","line":11,"loc":{"start":{"line":11,"column":0},"end":{"line":11,"column":35}}},"2":{"name":"(anonymous_2)","line":29,"loc":{"start":{"line":29,"column":29},"end":{"line":29,"column":45}}},"3":{"name":"(anonymous_3)","line":35,"loc":{"start":{"line":35,"column":25},"end":{"line":35,"column":37}}}},"statementMap":{"1":{"start":{"line":2,"column":0},"end":{"line":2,"column":27}},"2":{"start":{"line":3,"column":0},"end":{"line":3,"column":46}},"3":{"start":{"line":5,"column":0},"end":{"line":5,"column":46}},"4":{"start":{"line":6,"column":0},"end":{"line":6,"column":44}},"5":{"start":{"line":7,"column":0},"end":{"line":7,"column":46}},"6":{"start":{"line":9,"column":0},"end":{"line":9,"column":39}},"7":{"start":{"line":11,"column":0},"end":{"line":25,"column":1}},"8":{"start":{"line":12,"column":2},"end":{"line":12,"column":71}},"9":{"start":{"line":12,"column":34},"end":{"line":12,"column":71}},"10":{"start":{"line":13,"column":2},"end":{"line":13,"column":25}},"11":{"start":{"line":15,"column":2},"end":{"line":15,"column":24}},"12":{"start":{"line":16,"column":2},"end":{"line":16,"column":28}},"13":{"start":{"line":19,"column":2},"end":{"line":19,"column":42}},"14":{"start":{"line":20,"column":2},"end":{"line":20,"column":40}},"15":{"start":{"line":21,"column":2},"end":{"line":21,"column":42}},"16":{"start":{"line":24,"column":2},"end":{"line":24,"column":32}},"17":{"start":{"line":26,"column":0},"end":{"line":26,"column":25}},"18":{"start":{"line":27,"column":0},"end":{"line":27,"column":36}},"19":{"start":{"line":29,"column":0},"end":{"line":33,"column":2}},"20":{"start":{"line":30,"column":2},"end":{"line":30,"column":33}},"21":{"start":{"line":31,"column":2},"end":{"line":31,"column":32}},"22":{"start":{"line":32,"column":2},"end":{"line":32,"column":33}},"23":{"start":{"line":35,"column":0},"end":{"line":59,"column":2}},"24":{"start":{"line":36,"column":2},"end":{"line":58,"column":3}},"25":{"start":{"line":38,"column":4},"end":{"line":38,"column":27}},"26":{"start":{"line":39,"column":4},"end":{"line":39,"column":26}},"27":{"start":{"line":40,"column":4},"end":{"line":40,"column":27}},"28":{"start":{"line":43,"column":4},"end":{"line":43,"column":25}},"29":{"start":{"line":47,"column":4},"end":{"line":47,"column":26}},"30":{"start":{"line":51,"column":4},"end":{"line":51,"column":25}},"31":{"start":{"line":54,"column":4},"end":{"line":54,"column":47}},"32":{"start":{"line":57,"column":4},"end":{"line":57,"column":30}}},"branchMap":{"1":{"line":12,"type":"if","locations":[{"start":{"line":12,"column":2},"end":{"line":12,"column":2}},{"start":{"line":12,"column":2},"end":{"line":12,"column":2}}]}},"code":["","var util = require('util');","var TreeBuilder = require('./treebuilder.js');","","var Fase1Title = require('./fase-1/title.js');","var Fase1Text = require('./fase-1/text.js');","var Fase1Image = require('./fase-1/image.js');","","var Fase2 = require('./fase-2/all.js');","","function Article(source, callback) {","  if (!(this instanceof Article)) return new Article(source, callback);","  TreeBuilder.call(this);","","  this._source = source;","  this._callback = callback;","","  // Create fase-1 algoritme objects","  this._fase1title = new Fase1Title(this);","  this._fase1text = new Fase1Text(this);","  this._fase1image = new Fase1Image(this);","","  // Create fase-2 algoritme objects","  this._fase2 = new Fase2(this);","}","module.exports = Article;","util.inherits(Article, TreeBuilder);","","Article.prototype._element = function (node) {","  this._fase1title.element(node);","  this._fase1text.element(node);","  this._fase1image.element(node);","};","","Article.prototype._end = function () {","  try {","    // Stream ended, perform the last calculations","    this._fase1title.end();","    this._fase1text.end();","    this._fase1image.end();","","    // Make the fase-2 algortime fetch title, text and images","    this._fase2.update();","","    // Use the title, text and image algortimes to get the final","    // best title, image values and text container","    this._fase2.combine();","","    // Remove text noice, this algortimes goes beyond just selecting a text","    // container","    this._fase2.reduce();","","    // Done calculating send the final result","    this._callback(null, this._fase2.result());","  } catch (err) {","    // Sync error occurred execute callback with error","    this._callback(err, null);","  }","};",""],"l":{"2":1,"3":1,"5":1,"6":1,"7":1,"9":1,"11":1,"12":0,"13":0,"15":0,"16":0,"19":0,"20":0,"21":0,"24":0,"26":1,"27":1,"29":1,"30":0,"31":0,"32":0,"35":1,"36":0,"38":0,"39":0,"40":0,"43":0,"47":0,"51":0,"54":0,"57":0}},"/home/travis/build/npmtest/node-npmtest-article/node_modules/article/lib/treebuilder.js":{"path":"/home/travis/build/npmtest/node-npmtest-article/node_modules/article/lib/treebuilder.js","s":{"1":1,"2":1,"3":1,"4":1,"5":1,"6":1,"7":1,"8":0,"9":0,"10":0,"11":0,"12":0,"13":0,"14":0,"15":0,"16":0,"17":0,"18":0,"19":0,"20":0,"21":0,"22":0,"23":0,"24":0,"25":1,"26":1,"27":1,"28":0,"29":0,"30":1,"31":0,"32":1,"33":0},"b":{"1":[0,0]},"f":{"1":0,"2":0,"3":0,"4":0,"5":0,"6":0,"7":0,"8":0,"9":0},"fnMap":{"1":{"name":"TreeBuilder","line":11,"loc":{"start":{"line":11,"column":0},"end":{"line":11,"column":23}}},"2":{"name":"(anonymous_2)","line":22,"loc":{"start":{"line":22,"column":15},"end":{"line":22,"column":37}}},"3":{"name":"(anonymous_3)","line":29,"loc":{"start":{"line":29,"column":12},"end":{"line":29,"column":28}}},"4":{"name":"(anonymous_4)","line":42,"loc":{"start":{"line":42,"column":16},"end":{"line":42,"column":35}}},"5":{"name":"(anonymous_5)","line":50,"loc":{"start":{"line":50,"column":11},"end":{"line":50,"column":23}}},"6":{"name":"(anonymous_6)","line":63,"loc":{"start":{"line":63,"column":22},"end":{"line":63,"column":34}}},"7":{"name":"(anonymous_7)","line":70,"loc":{"start":{"line":70,"column":31},"end":{"line":70,"column":64}}},"8":{"name":"(anonymous_8)","line":75,"loc":{"start":{"line":75,"column":33},"end":{"line":75,"column":49}}},"9":{"name":"(anonymous_9)","line":79,"loc":{"start":{"line":79,"column":29},"end":{"line":79,"column":41}}}},"statementMap":{"1":{"start":{"line":2,"column":0},"end":{"line":2,"column":27}},"2":{"start":{"line":3,"column":0},"end":{"line":3,"column":31}},"3":{"start":{"line":4,"column":0},"end":{"line":4,"column":43}},"4":{"start":{"line":6,"column":0},"end":{"line":6,"column":45}},"5":{"start":{"line":7,"column":0},"end":{"line":7,"column":34}},"6":{"start":{"line":9,"column":0},"end":{"line":9,"column":27}},"7":{"start":{"line":11,"column":0},"end":{"line":66,"column":1}},"8":{"start":{"line":12,"column":2},"end":{"line":12,"column":29}},"9":{"start":{"line":13,"column":2},"end":{"line":13,"column":18}},"10":{"start":{"line":16,"column":2},"end":{"line":16,"column":36}},"11":{"start":{"line":19,"column":2},"end":{"line":19,"column":28}},"12":{"start":{"line":21,"column":2},"end":{"line":61,"column":5}},"13":{"start":{"line":23,"column":6},"end":{"line":23,"column":71}},"14":{"start":{"line":26,"column":6},"end":{"line":26,"column":39}},"15":{"start":{"line":34,"column":6},"end":{"line":39,"column":7}},"16":{"start":{"line":35,"column":8},"end":{"line":35,"column":92}},"17":{"start":{"line":38,"column":8},"end":{"line":38,"column":41}},"18":{"start":{"line":43,"column":6},"end":{"line":43,"column":36}},"19":{"start":{"line":44,"column":6},"end":{"line":44,"column":34}},"20":{"start":{"line":47,"column":6},"end":{"line":47,"column":26}},"21":{"start":{"line":51,"column":6},"end":{"line":51,"column":25}},"22":{"start":{"line":52,"column":6},"end":{"line":52,"column":18}},"23":{"start":{"line":63,"column":2},"end":{"line":65,"column":5}},"24":{"start":{"line":64,"column":4},"end":{"line":64,"column":23}},"25":{"start":{"line":67,"column":0},"end":{"line":67,"column":29}},"26":{"start":{"line":68,"column":0},"end":{"line":68,"column":44}},"27":{"start":{"line":70,"column":0},"end":{"line":73,"column":2}},"28":{"start":{"line":71,"column":2},"end":{"line":71,"column":28}},"29":{"start":{"line":72,"column":2},"end":{"line":72,"column":13}},"30":{"start":{"line":75,"column":0},"end":{"line":77,"column":2}},"31":{"start":{"line":76,"column":2},"end":{"line":76,"column":45}},"32":{"start":{"line":79,"column":0},"end":{"line":81,"column":2}},"33":{"start":{"line":80,"column":2},"end":{"line":80,"column":41}}},"branchMap":{"1":{"line":34,"type":"if","locations":[{"start":{"line":34,"column":6},"end":{"line":34,"column":6}},{"start":{"line":34,"column":6},"end":{"line":34,"column":6}}]}},"code":["","var util = require('util');","var stream = require('stream');","var Parser = require('htmlparser2').Parser;","","var domHelpers = require('./helpers-dom.js');","var nodes = require('./nodes.js');","","var NONE_SPACE_CHAR = /\\S/;","","function TreeBuilder() {","  stream.Writable.call(this);","  var self = this;","","  // Create a root element that all other nodes will be assigned to","  this._tree = new nodes.RootNode();","","  // Temorarry current container variable","  var lastnode = this._tree;","","  this._parser = new Parser({","    onopentag: function (name, attr) {","      var node = new nodes.ElementNode(lastnode.element(), name, attr);","","      // Append node","      lastnode = lastnode.append(node);","    },","","    ontext: function (text) {","      // In theory this can be destructive","      //   e.q \"Hallo<span> </span>World\" would become HalloWorld","      // But it seams very unlikely, so until an issue appear this is not going","      // to change.","      if (NONE_SPACE_CHAR.test(text) === true) {","        var node = new nodes.TextNode(lastnode.element(), domHelpers.normalizeString(text));","","        // Append node","        lastnode = lastnode.append(node);","      }","    },","","    onclosetag: function (tagname) {","      var node = lastnode.element();","      lastnode = lastnode.close();","","      // Element can not get more children call handler","      self._element(node);","    },","","    onend: function () {","      self._tree.close();","      self._end();","    }","  }, {","    lowerCaseTags: true,","","    // This is quite expensive and is done within the attribute matcher","    lowerCaseAttributeNames: false,","","    xmlMode: false","  });","","  this.once('finish', function () {","    this._parser.end();","  });","}","module.exports = TreeBuilder;","util.inherits(TreeBuilder, stream.Writable);","","TreeBuilder.prototype._write = function (chunk, encoding, done) {","  this._parser.write(chunk);","  done(null);","};","","TreeBuilder.prototype._element = function (node) {","  throw new Error('element not implemented');","};","","TreeBuilder.prototype._end = function () {","  throw new Error('end not implemented');","};",""],"l":{"2":1,"3":1,"4":1,"6":1,"7":1,"9":1,"11":1,"12":0,"13":0,"16":0,"19":0,"21":0,"23":0,"26":0,"34":0,"35":0,"38":0,"43":0,"44":0,"47":0,"51":0,"52":0,"63":0,"64":0,"67":1,"68":1,"70":1,"71":0,"72":0,"75":1,"76":0,"79":1,"80":0}},"/home/travis/build/npmtest/node-npmtest-article/node_modules/article/lib/helpers-dom.js":{"path":"/home/travis/build/npmtest/node-npmtest-article/node_modules/article/lib/helpers-dom.js","s":{"1":1,"2":1,"3":1,"4":1,"5":1,"6":1,"7":1,"8":1,"9":1,"10":1,"11":1,"12":4,"13":4,"14":4,"15":4,"16":4,"17":4,"18":8,"19":8,"20":8,"21":4,"22":8,"23":4,"24":4,"25":4,"26":8,"27":8,"28":4,"29":8,"30":8,"31":8,"32":8,"33":19,"34":11,"35":19,"36":19,"37":0,"38":0,"39":8,"40":8,"41":4,"42":4,"43":4,"44":0,"45":1,"46":1,"47":0,"48":1,"49":1,"50":0,"51":0,"52":0,"53":0,"54":1,"55":1,"56":0,"57":0,"58":0,"59":0,"60":0,"61":0,"62":0,"63":0,"64":0,"65":1,"66":1,"67":0,"68":0,"69":0,"70":0,"71":0,"72":0,"73":1,"74":1,"75":0,"76":0,"77":0,"78":0,"79":0,"80":0,"81":0,"82":0,"83":0,"84":0,"85":0,"86":0,"87":0,"88":0,"89":0,"90":0,"91":0,"92":0,"93":0,"94":0,"95":0,"96":1,"97":1,"98":0,"99":0,"100":0,"101":0,"102":0,"103":1,"104":0,"105":0,"106":0,"107":0,"108":1},"b":{"1":[4,4],"2":[4,4],"3":[8,0],"4":[11,8],"5":[19,0],"6":[0,0],"7":[0,0],"8":[0,0],"9":[0,0],"10":[0,0],"11":[0,0],"12":[0,0],"13":[0,0],"14":[0,0],"15":[0,0],"16":[0,0],"17":[0,0],"18":[0,0]},"f":{"1":4,"2":0,"3":0,"4":0,"5":0,"6":0,"7":0,"8":0,"9":0},"fnMap":{"1":{"name":"buildAttributeMatcher","line":60,"loc":{"start":{"line":60,"column":0},"end":{"line":60,"column":38}}},"2":{"name":"(anonymous_2)","line":106,"loc":{"start":{"line":106,"column":9},"end":{"line":106,"column":25}}},"3":{"name":"normalizeString","line":114,"loc":{"start":{"line":114,"column":0},"end":{"line":114,"column":31}}},"4":{"name":"containerOf","line":120,"loc":{"start":{"line":120,"column":0},"end":{"line":120,"column":27}}},"5":{"name":"commonParent","line":129,"loc":{"start":{"line":129,"column":0},"end":{"line":129,"column":28}}},"6":{"name":"styleParser","line":147,"loc":{"start":{"line":147,"column":0},"end":{"line":147,"column":28}}},"7":{"name":"treeDistance","line":160,"loc":{"start":{"line":160,"column":0},"end":{"line":160,"column":28}}},"8":{"name":"lastElementChild","line":199,"loc":{"start":{"line":199,"column":0},"end":{"line":199,"column":32}}},"9":{"name":"positionRange","line":206,"loc":{"start":{"line":206,"column":0},"end":{"line":206,"column":29}}}},"statementMap":{"1":{"start":{"line":2,"column":0},"end":{"line":2,"column":27}},"2":{"start":{"line":3,"column":0},"end":{"line":3,"column":35}},"3":{"start":{"line":5,"column":0},"end":{"line":5,"column":25}},"4":{"start":{"line":7,"column":0},"end":{"line":18,"column":2}},"5":{"start":{"line":20,"column":0},"end":{"line":24,"column":2}},"6":{"start":{"line":26,"column":0},"end":{"line":30,"column":2}},"7":{"start":{"line":32,"column":0},"end":{"line":35,"column":2}},"8":{"start":{"line":37,"column":0},"end":{"line":43,"column":2}},"9":{"start":{"line":45,"column":0},"end":{"line":53,"column":2}},"10":{"start":{"line":56,"column":0},"end":{"line":56,"column":46}},"11":{"start":{"line":60,"column":0},"end":{"line":109,"column":1}},"12":{"start":{"line":61,"column":2},"end":{"line":61,"column":32}},"13":{"start":{"line":62,"column":2},"end":{"line":62,"column":18}},"14":{"start":{"line":64,"column":2},"end":{"line":64,"column":21}},"15":{"start":{"line":65,"column":2},"end":{"line":65,"column":16}},"16":{"start":{"line":67,"column":2},"end":{"line":67,"column":32}},"17":{"start":{"line":68,"column":2},"end":{"line":74,"column":3}},"18":{"start":{"line":69,"column":4},"end":{"line":69,"column":36}},"19":{"start":{"line":71,"column":4},"end":{"line":71,"column":115}},"20":{"start":{"line":72,"column":4},"end":{"line":72,"column":38}},"21":{"start":{"line":72,"column":21},"end":{"line":72,"column":38}},"22":{"start":{"line":73,"column":4},"end":{"line":73,"column":22}},"23":{"start":{"line":75,"column":2},"end":{"line":75,"column":22}},"24":{"start":{"line":77,"column":2},"end":{"line":77,"column":22}},"25":{"start":{"line":78,"column":2},"end":{"line":101,"column":3}},"26":{"start":{"line":79,"column":4},"end":{"line":79,"column":36}},"27":{"start":{"line":81,"column":4},"end":{"line":81,"column":36}},"28":{"start":{"line":81,"column":15},"end":{"line":81,"column":36}},"29":{"start":{"line":82,"column":4},"end":{"line":82,"column":42}},"30":{"start":{"line":84,"column":4},"end":{"line":98,"column":5}},"31":{"start":{"line":85,"column":6},"end":{"line":85,"column":23}},"32":{"start":{"line":87,"column":6},"end":{"line":95,"column":7}},"33":{"start":{"line":88,"column":8},"end":{"line":88,"column":34}},"34":{"start":{"line":88,"column":19},"end":{"line":88,"column":34}},"35":{"start":{"line":90,"column":8},"end":{"line":94,"column":9}},"36":{"start":{"line":91,"column":10},"end":{"line":91,"column":93}},"37":{"start":{"line":92,"column":15},"end":{"line":94,"column":9}},"38":{"start":{"line":93,"column":10},"end":{"line":93,"column":83}},"39":{"start":{"line":97,"column":6},"end":{"line":97,"column":19}},"40":{"start":{"line":100,"column":4},"end":{"line":100,"column":20}},"41":{"start":{"line":103,"column":2},"end":{"line":103,"column":24}},"42":{"start":{"line":105,"column":2},"end":{"line":105,"column":73}},"43":{"start":{"line":106,"column":2},"end":{"line":108,"column":4}},"44":{"start":{"line":107,"column":4},"end":{"line":107,"column":34}},"45":{"start":{"line":110,"column":0},"end":{"line":110,"column":54}},"46":{"start":{"line":114,"column":0},"end":{"line":116,"column":1}},"47":{"start":{"line":115,"column":2},"end":{"line":115,"column":62}},"48":{"start":{"line":117,"column":0},"end":{"line":117,"column":42}},"49":{"start":{"line":120,"column":0},"end":{"line":125,"column":1}},"50":{"start":{"line":121,"column":2},"end":{"line":123,"column":3}},"51":{"start":{"line":122,"column":4},"end":{"line":122,"column":29}},"52":{"start":{"line":122,"column":17},"end":{"line":122,"column":29}},"53":{"start":{"line":124,"column":2},"end":{"line":124,"column":15}},"54":{"start":{"line":126,"column":0},"end":{"line":126,"column":34}},"55":{"start":{"line":129,"column":0},"end":{"line":143,"column":1}},"56":{"start":{"line":130,"column":2},"end":{"line":142,"column":3}},"57":{"start":{"line":131,"column":4},"end":{"line":131,"column":13}},"58":{"start":{"line":132,"column":9},"end":{"line":142,"column":3}},"59":{"start":{"line":133,"column":4},"end":{"line":133,"column":13}},"60":{"start":{"line":134,"column":9},"end":{"line":142,"column":3}},"61":{"start":{"line":135,"column":4},"end":{"line":135,"column":13}},"62":{"start":{"line":139,"column":4},"end":{"line":141,"column":5}},"63":{"start":{"line":140,"column":6},"end":{"line":140,"column":38}},"64":{"start":{"line":140,"column":29},"end":{"line":140,"column":38}},"65":{"start":{"line":144,"column":0},"end":{"line":144,"column":36}},"66":{"start":{"line":147,"column":0},"end":{"line":156,"column":1}},"67":{"start":{"line":148,"column":2},"end":{"line":148,"column":22}},"68":{"start":{"line":150,"column":2},"end":{"line":150,"column":51}},"69":{"start":{"line":151,"column":2},"end":{"line":151,"column":18}},"70":{"start":{"line":152,"column":2},"end":{"line":154,"column":3}},"71":{"start":{"line":153,"column":4},"end":{"line":153,"column":38}},"72":{"start":{"line":155,"column":2},"end":{"line":155,"column":16}},"73":{"start":{"line":157,"column":0},"end":{"line":157,"column":34}},"74":{"start":{"line":160,"column":0},"end":{"line":196,"column":1}},"75":{"start":{"line":161,"column":2},"end":{"line":161,"column":24}},"76":{"start":{"line":161,"column":15},"end":{"line":161,"column":24}},"77":{"start":{"line":162,"column":2},"end":{"line":162,"column":34}},"78":{"start":{"line":164,"column":2},"end":{"line":164,"column":18}},"79":{"start":{"line":165,"column":2},"end":{"line":165,"column":17}},"80":{"start":{"line":167,"column":2},"end":{"line":167,"column":18}},"81":{"start":{"line":168,"column":2},"end":{"line":168,"column":17}},"82":{"start":{"line":170,"column":2},"end":{"line":177,"column":3}},"83":{"start":{"line":171,"column":4},"end":{"line":174,"column":5}},"84":{"start":{"line":172,"column":6},"end":{"line":172,"column":18}},"85":{"start":{"line":173,"column":6},"end":{"line":173,"column":31}},"86":{"start":{"line":176,"column":4},"end":{"line":176,"column":16}},"87":{"start":{"line":179,"column":2},"end":{"line":186,"column":3}},"88":{"start":{"line":180,"column":4},"end":{"line":183,"column":5}},"89":{"start":{"line":181,"column":6},"end":{"line":181,"column":18}},"90":{"start":{"line":182,"column":6},"end":{"line":182,"column":31}},"91":{"start":{"line":185,"column":4},"end":{"line":185,"column":16}},"92":{"start":{"line":188,"column":2},"end":{"line":188,"column":18}},"93":{"start":{"line":189,"column":2},"end":{"line":193,"column":3}},"94":{"start":{"line":190,"column":4},"end":{"line":192,"column":6}},"95":{"start":{"line":195,"column":2},"end":{"line":195,"column":35}},"96":{"start":{"line":197,"column":0},"end":{"line":197,"column":36}},"97":{"start":{"line":199,"column":0},"end":{"line":205,"column":1}},"98":{"start":{"line":200,"column":2},"end":{"line":200,"column":31}},"99":{"start":{"line":201,"column":2},"end":{"line":203,"column":3}},"100":{"start":{"line":202,"column":4},"end":{"line":202,"column":69}},"101":{"start":{"line":202,"column":45},"end":{"line":202,"column":69}},"102":{"start":{"line":204,"column":2},"end":{"line":204,"column":14}},"103":{"start":{"line":206,"column":0},"end":{"line":213,"column":1}},"104":{"start":{"line":207,"column":2},"end":{"line":207,"column":24}},"105":{"start":{"line":208,"column":2},"end":{"line":210,"column":3}},"106":{"start":{"line":209,"column":4},"end":{"line":209,"column":16}},"107":{"start":{"line":212,"column":2},"end":{"line":212,"column":44}},"108":{"start":{"line":214,"column":0},"end":{"line":214,"column":38}}},"branchMap":{"1":{"line":72,"type":"if","locations":[{"start":{"line":72,"column":4},"end":{"line":72,"column":4}},{"start":{"line":72,"column":4},"end":{"line":72,"column":4}}]},"2":{"line":81,"type":"if","locations":[{"start":{"line":81,"column":4},"end":{"line":81,"column":4}},{"start":{"line":81,"column":4},"end":{"line":81,"column":4}}]},"3":{"line":84,"type":"if","locations":[{"start":{"line":84,"column":4},"end":{"line":84,"column":4}},{"start":{"line":84,"column":4},"end":{"line":84,"column":4}}]},"4":{"line":88,"type":"if","locations":[{"start":{"line":88,"column":8},"end":{"line":88,"column":8}},{"start":{"line":88,"column":8},"end":{"line":88,"column":8}}]},"5":{"line":90,"type":"if","locations":[{"start":{"line":90,"column":8},"end":{"line":90,"column":8}},{"start":{"line":90,"column":8},"end":{"line":90,"column":8}}]},"6":{"line":92,"type":"if","locations":[{"start":{"line":92,"column":15},"end":{"line":92,"column":15}},{"start":{"line":92,"column":15},"end":{"line":92,"column":15}}]},"7":{"line":122,"type":"if","locations":[{"start":{"line":122,"column":4},"end":{"line":122,"column":4}},{"start":{"line":122,"column":4},"end":{"line":122,"column":4}}]},"8":{"line":130,"type":"if","locations":[{"start":{"line":130,"column":2},"end":{"line":130,"column":2}},{"start":{"line":130,"column":2},"end":{"line":130,"column":2}}]},"9":{"line":132,"type":"if","locations":[{"start":{"line":132,"column":9},"end":{"line":132,"column":9}},{"start":{"line":132,"column":9},"end":{"line":132,"column":9}}]},"10":{"line":134,"type":"if","locations":[{"start":{"line":134,"column":9},"end":{"line":134,"column":9}},{"start":{"line":134,"column":9},"end":{"line":134,"column":9}}]},"11":{"line":140,"type":"if","locations":[{"start":{"line":140,"column":6},"end":{"line":140,"column":6}},{"start":{"line":140,"column":6},"end":{"line":140,"column":6}}]},"12":{"line":148,"type":"binary-expr","locations":[{"start":{"line":148,"column":10},"end":{"line":148,"column":15}},{"start":{"line":148,"column":19},"end":{"line":148,"column":21}}]},"13":{"line":161,"type":"if","locations":[{"start":{"line":161,"column":2},"end":{"line":161,"column":2}},{"start":{"line":161,"column":2},"end":{"line":161,"column":2}}]},"14":{"line":170,"type":"if","locations":[{"start":{"line":170,"column":2},"end":{"line":170,"column":2}},{"start":{"line":170,"column":2},"end":{"line":170,"column":2}}]},"15":{"line":179,"type":"if","locations":[{"start":{"line":179,"column":2},"end":{"line":179,"column":2}},{"start":{"line":179,"column":2},"end":{"line":179,"column":2}}]},"16":{"line":189,"type":"if","locations":[{"start":{"line":189,"column":2},"end":{"line":189,"column":2}},{"start":{"line":189,"column":2},"end":{"line":189,"column":2}}]},"17":{"line":189,"type":"binary-expr","locations":[{"start":{"line":189,"column":6},"end":{"line":189,"column":18}},{"start":{"line":189,"column":22},"end":{"line":189,"column":34}}]},"18":{"line":202,"type":"if","locations":[{"start":{"line":202,"column":4},"end":{"line":202,"column":4}},{"start":{"line":202,"column":4},"end":{"line":202,"column":4}}]}},"code":["","var util = require('util');","var entities = require('entities');","","var WHITE_SPACE = /\\s+/g;","","var BLOCK_ELEMENTS = exports.BLOCK_ELEMENTS = {","\taddress: true, article: true, aside: true,","\tblockqoute: true, canvas: true, dd: true,","  div: true, dl: true, fieldset: true,","  figcaption: true, figure: true, footer: true,","  form: true, h1: true, h2: true, h3: true,","  h4: true, h5: true, h6: true, header: true,","  hgroup: true, hr: true, img: true, object: true,","  ol: true, output: true, p: true, pre: true,","  section: true, table: true, tfoot: true,","  ul: true, li: true, tr: true","};","","var NO_TEXT_ELEMENTS = exports.NO_TEXT_ELEMENTS = {","\tscript: true, noscript: true, style: true,","  iframe: true, object: true, embed: true,","  video: true, audio: true","};","","var IGNORE_TEXT_ELEMENT = exports.IGNORE_TEXT_ELEMENT = {","\taside: true, caption: true, menu: true,","\tdetails: true, fieldset: true, button: true,","\tlabel: true, input: true, textarea: true","};","","var HEADERS = exports.HEADERS = {","\th1: true, h2: true, h3: true,","\th4: true, h5: true, h6: true","};","","var INLINE_TEXT_TAGS = exports.INLINE_TEXT_TAGS = {","\tstrong: true, span: true, em: true,","\tb: true, i: true, u: true, del: true,","\tins: true, a: true, time: true, sub: true,","\tsup: true, big: true, small: true, tt: true,","\tstrike: true","};","","var INLINE_STYLE_TAGS = exports.INLINE_STYLE_TAGS = {","\th1: true, h2: true, h3: true,","\th4: true, h5: true, h6: true,","\tstrong: true, span: true, em: true,","\tb: true, i: true, u: true, del: true,","\tins: true, a: true, time: true, sub: true,","\tsup: true, big: true, small: true, tt: true,","\tstrike: true","};","","// Map the entities decodeHTML5 method","exports.decodeEntities = entities.decodeHTML5;","","// Builds and attribute matching function, complexity is for uncomfirmed","// performace sake","function buildAttributeMatcher(match) {","  var keys = Object.keys(match);","  var jskey, i, l;","","  var transform = '';","  var bool = '';","","  transform = 'transform = {\\n';","  for (i = 0, l = keys.length; i < l; i++) {","    jskey = JSON.stringify(keys[i]);","","    transform += '  ' + jskey + ': attr.hasOwnProperty(' + jskey + ') ? attr[' + jskey + '].toLowerCase() : false';","    if (i !== l - 1) transform += ',';","    transform += '\\n';","  }","  transform += '};\\n';","","  bool = 'return !!(';","  for (i = 0, l = keys.length; i < l; i++) {","    jskey = JSON.stringify(keys[i]);","","    if (i > 0) bool += '    ||    ';","    bool += ' ( transform[' + jskey + ']';","","    if (Array.isArray(match[keys[i]])) {","      bool += ' && ( ';","","      for (var j = 0, s = match[keys[i]].length; j < s; j++) {","        if (j > 0) bool += ' || ';","","        if (typeof match[keys[i]][j] === 'string') {","          bool += 'transform[' + jskey + '] === \\'' + match[keys[i]][j].toLowerCase() + '\\'';","        } else if (util.isRegExp(match[keys[i]][j])) {","          bool += 'match[' + jskey + '][' + j + '].test(transform[' + jskey + '])';","        }","      }","","      bool += ' )';","    }","","    bool += ' ) \\n';","  }","","  bool += '         );';","","  var anonymous = new Function('attr', 'match', transform + '\\n' + bool);","  return function (attr) {","    return anonymous(attr, match);","  };","}","exports.buildAttributeMatcher = buildAttributeMatcher;","","// Handle the HTML entities and replace all collections of whitespace with","// just a single space","function normalizeString(text) {","  return entities.decodeHTML5(text).replace(WHITE_SPACE, ' ');","}","exports.normalizeString = normalizeString;","","// Checks if container `a` is a container of `b`","function containerOf(a, b) {","  while (b = b.parent) {","    if (a === b) return true;","  }","  return false;","}","exports.containerOf = containerOf;","","// Find the common parent of a and b","function commonParent(a, b) {","  if (a === b) {","    return a;","  } else if (containerOf(a, b)) {","    return a;","  } else if (containerOf(b, a)) {","    return b;","  } else {","    // This will happen at some point, since the root is a container of","    // everything","    while (b = b.parent) {","      if (containerOf(b, a)) return b;","    }","  }","}","exports.commonParent = commonParent;","","// Parse style attribute intro object","function styleParser(style) {","  style = style || '';","","  var tokens = style.trim().split(/\\s*(?:;|:)\\s*/);","  var output = {};","  for (var i = 1, l = tokens.length; i < l; i += 2) {","    output[tokens[i - 1]] = tokens[i];","  }","  return output;","}","exports.styleParser = styleParser;","","// Calculate the tree distance between a and b","function treeDistance(a, b) {","  if (a === b) return 0;","  var parent = commonParent(a, b);","","  var aParent = a;","  var aCount = 0;","","  var bParent = b;","  var bCount = 0;","","  if (parent !== a) {","    while (parent !== aParent.parent) {","      aCount += 1;","      aParent = aParent.parent;","    }","  } else {","    bCount += 1;","  }","","  if (parent !== b) {","    while (parent !== bParent.parent) {","      bCount += 1;","      bParent = bParent.parent;","    }","  } else {","    aCount += 1;","  }","","  var abCount = 0;","  if (parent !== a && parent !== b) {","    abCount = Math.abs(","      parent.children.indexOf(aParent) - parent.children.indexOf(bParent)","    );","  }","","  return aCount + bCount + abCount;","}","exports.treeDistance = treeDistance;","","function lastElementChild(node) {","  var i = node.children.length;","  while (i--) {","    if (node.children[i].type === 'element') return node.children[i];","  }","  return null;","}","function positionRange(node) {","  var curr, prev = node;","  while (curr = lastElementChild(prev)) {","    prev = curr;","  }","","  return [node.identifyer, prev.identifyer];","}","exports.positionRange = positionRange;",""],"l":{"2":1,"3":1,"5":1,"7":1,"20":1,"26":1,"32":1,"37":1,"45":1,"56":1,"60":1,"61":4,"62":4,"64":4,"65":4,"67":4,"68":4,"69":8,"71":8,"72":8,"73":8,"75":4,"77":4,"78":4,"79":8,"81":8,"82":8,"84":8,"85":8,"87":8,"88":19,"90":19,"91":19,"92":0,"93":0,"97":8,"100":8,"103":4,"105":4,"106":4,"107":0,"110":1,"114":1,"115":0,"117":1,"120":1,"121":0,"122":0,"124":0,"126":1,"129":1,"130":0,"131":0,"132":0,"133":0,"134":0,"135":0,"139":0,"140":0,"144":1,"147":1,"148":0,"150":0,"151":0,"152":0,"153":0,"155":0,"157":1,"160":1,"161":0,"162":0,"164":0,"165":0,"167":0,"168":0,"170":0,"171":0,"172":0,"173":0,"176":0,"179":0,"180":0,"181":0,"182":0,"185":0,"188":0,"189":0,"190":0,"195":0,"197":1,"199":1,"200":0,"201":0,
[...]
,"    matrix.push(row);","","    for (var a = 0; a < this.dim[0]; a++) {","      var str = '';","      if (a === this.bestIndex[0] && b === this.bestIndex[1]) str += '**';","      str += this.summaryMatrix[a][b].size() + ' ~ ' + this.summaryMatrix[a][b].mean().toPrecision(3);","      if (a === this.bestIndex[0] && b === this.bestIndex[1]) str += '**';","","      row.push(str);","    }","  }","","  return table(matrix);","};",""],"l":{"2":1,"3":1,"8":1,"9":0,"10":0,"11":0,"13":0,"15":1,"17":1,"18":0,"20":0,"21":0,"22":0,"24":0,"27":1,"32":1,"33":0,"35":0,"36":0,"37":0,"39":0,"40":0,"41":0,"44":0,"45":0,"48":0,"49":0,"55":0,"56":0,"62":0,"63":0,"64":0,"69":0,"70":0,"79":1,"81":0,"82":0,"84":0,"85":0,"87":0,"88":0,"90":0,"92":0,"93":0,"95":1,"100":1,"101":0,"102":0,"103":0,"106":1,"107":0,"108":0,"109":0,"112":1,"113":0,"114":0,"115":0,"117":0,"118":0,"121":0,"124":1,"125":0,"126":0,"127":0,"129":0,"130":0,"131":0,"135":0,"141":1,"142":0,"146":1,"147":0,"148":0,"150":0,"151":0,"152":0,"153":0,"154":0,"155":0,"156":0,"161":0,"162":0,"163":0,"170":1,"171":0,"173":0,"174":0,"175":0,"180":1,"181":0,"182":0,"183":0,"184":0,"186":0,"192":1,"193":0,"194":0,"196":0,"197":0,"198":0,"200":0,"201":0,"202":0,"203":0,"204":0,"206":0,"210":0}},"/home/travis/build/npmtest/node-npmtest-article/node_modules/article/lib/fase-2/commonality-ancestor.js":{"path":"/home/travis/build/npmtest/node-npmtest-article/node_modules/article/lib/fase-2/commonality-ancestor.js","s":{"1":1,"2":1,"3":1,"4":1,"5":1,"6":0,"7":1,"8":1,"9":1,"10":0,"11":0,"12":1,"13":1,"14":0,"15":0,"16":0,"17":0,"18":0,"19":0,"20":0,"21":1,"22":0,"23":0,"24":0,"25":0,"26":0,"27":0,"28":0,"29":0,"30":0,"31":0,"32":0,"33":1,"34":0,"35":0,"36":0,"37":1,"38":0},"b":{"1":[0,0],"2":[0,0],"3":[0,0],"4":[0,0],"5":[0,0],"6":[0,0],"7":[0,0],"8":[0,0]},"f":{"1":0,"2":0,"3":0,"4":0,"5":0,"6":0},"fnMap":{"1":{"name":"CommonalityAncestor","line":10,"loc":{"start":{"line":10,"column":0},"end":{"line":10,"column":34}}},"2":{"name":"AncestorMatrix","line":19,"loc":{"start":{"line":19,"column":0},"end":{"line":19,"column":29}}},"3":{"name":"(anonymous_3)","line":26,"loc":{"start":{"line":26,"column":42},"end":{"line":26,"column":58}}},"4":{"name":"(anonymous_4)","line":39,"loc":{"start":{"line":39,"column":44},"end":{"line":39,"column":60}}},"5":{"name":"(anonymous_5)","line":60,"loc":{"start":{"line":60,"column":34},"end":{"line":60,"column":50}}},"6":{"name":"(anonymous_6)","line":68,"loc":{"start":{"line":68,"column":36},"end":{"line":68,"column":52}}}},"statementMap":{"1":{"start":{"line":2,"column":0},"end":{"line":2,"column":27}},"2":{"start":{"line":3,"column":0},"end":{"line":3,"column":46}},"3":{"start":{"line":4,"column":0},"end":{"line":4,"column":49}},"4":{"start":{"line":5,"column":0},"end":{"line":5,"column":43}},"5":{"start":{"line":10,"column":0},"end":{"line":12,"column":1}},"6":{"start":{"line":11,"column":2},"end":{"line":11,"column":55}},"7":{"start":{"line":13,"column":0},"end":{"line":13,"column":37}},"8":{"start":{"line":14,"column":0},"end":{"line":14,"column":57}},"9":{"start":{"line":19,"column":0},"end":{"line":23,"column":1}},"10":{"start":{"line":20,"column":2},"end":{"line":20,"column":36}},"11":{"start":{"line":22,"column":2},"end":{"line":22,"column":38}},"12":{"start":{"line":24,"column":0},"end":{"line":24,"column":49}},"13":{"start":{"line":26,"column":0},"end":{"line":37,"column":2}},"14":{"start":{"line":27,"column":2},"end":{"line":27,"column":27}},"15":{"start":{"line":29,"column":2},"end":{"line":29,"column":31}},"16":{"start":{"line":30,"column":2},"end":{"line":34,"column":3}},"17":{"start":{"line":31,"column":4},"end":{"line":31,"column":36}},"18":{"start":{"line":32,"column":9},"end":{"line":34,"column":3}},"19":{"start":{"line":33,"column":4},"end":{"line":33,"column":53}},"20":{"start":{"line":36,"column":2},"end":{"line":36,"column":17}},"21":{"start":{"line":39,"column":0},"end":{"line":58,"column":2}},"22":{"start":{"line":40,"column":2},"end":{"line":40,"column":73}},"23":{"start":{"line":40,"column":58},"end":{"line":40,"column":73}},"24":{"start":{"line":42,"column":2},"end":{"line":42,"column":31}},"25":{"start":{"line":44,"column":2},"end":{"line":44,"column":19}},"26":{"start":{"line":45,"column":2},"end":{"line":55,"column":3}},"27":{"start":{"line":46,"column":4},"end":{"line":54,"column":5}},"28":{"start":{"line":47,"column":6},"end":{"line":49,"column":7}},"29":{"start":{"line":48,"column":8},"end":{"line":48,"column":42}},"30":{"start":{"line":51,"column":6},"end":{"line":53,"column":7}},"31":{"start":{"line":52,"column":8},"end":{"line":52,"column":30}},"32":{"start":{"line":57,"column":2},"end":{"line":57,"column":27}},"33":{"start":{"line":60,"column":0},"end":{"line":66,"column":2}},"34":{"start":{"line":61,"column":2},"end":{"line":61,"column":50}},"35":{"start":{"line":62,"column":2},"end":{"line":62,"column":58}},"36":{"start":{"line":65,"column":2},"end":{"line":65,"column":46}},"37":{"start":{"line":68,"column":0},"end":{"line":70,"column":2}},"38":{"start":{"line":69,"column":2},"end":{"line":69,"column":54}}},"branchMap":{"1":{"line":30,"type":"if","locations":[{"start":{"line":30,"column":2},"end":{"line":30,"column":2}},{"start":{"line":30,"column":2},"end":{"line":30,"column":2}}]},"2":{"line":32,"type":"if","locations":[{"start":{"line":32,"column":9},"end":{"line":32,"column":9}},{"start":{"line":32,"column":9},"end":{"line":32,"column":9}}]},"3":{"line":40,"type":"if","locations":[{"start":{"line":40,"column":2},"end":{"line":40,"column":2}},{"start":{"line":40,"column":2},"end":{"line":40,"column":2}}]},"4":{"line":40,"type":"binary-expr","locations":[{"start":{"line":40,"column":6},"end":{"line":40,"column":26}},{"start":{"line":40,"column":30},"end":{"line":40,"column":56}}]},"5":{"line":46,"type":"if","locations":[{"start":{"line":46,"column":4},"end":{"line":46,"column":4}},{"start":{"line":46,"column":4},"end":{"line":46,"column":4}}]},"6":{"line":47,"type":"if","locations":[{"start":{"line":47,"column":6},"end":{"line":47,"column":6}},{"start":{"line":47,"column":6},"end":{"line":47,"column":6}}]},"7":{"line":47,"type":"binary-expr","locations":[{"start":{"line":47,"column":10},"end":{"line":47,"column":38}},{"start":{"line":47,"column":42},"end":{"line":47,"column":71}}]},"8":{"line":51,"type":"if","locations":[{"start":{"line":51,"column":6},"end":{"line":51,"column":6}},{"start":{"line":51,"column":6},"end":{"line":51,"column":6}}]}},"code":["","var util = require('util');","var commonality = require('./commonality.js');","var CommonalityInterface = commonality.Interface;","var CommanalityMatrix = commonality.Matrix;","","//","// Create the exposed class","//","function CommonalityAncestor(top) {","  CommonalityInterface.call(this, AncestorMatrix, top);","}","module.exports = CommonalityAncestor;","util.inherits(CommonalityAncestor, CommonalityInterface);","","//","// Collects features and bind them to the node density","//","function AncestorMatrix(top) {","  CommanalityMatrix.call(this, top);","","  this.classlist = top.root.classlist;","}","util.inherits(AncestorMatrix, CommanalityMatrix);","","AncestorMatrix.prototype._parentPattern = function (node) {","  var parent = node.parent;","","  var pattern = parent.tagname;","  if (parent.attr.hasOwnProperty('id')) {","    pattern += '#' + parent.attr.id;","  } else if (parent.classes.length > 0) {","    pattern += '.' + parent.classes.sort().join('.');","  }","","  return pattern;","};","","AncestorMatrix.prototype._childrenPattern = function (node) {","  if (node.type === 'text' || node.children.length === 0) return '#none';","","  var children = node.children;","","  var pattern = [];","  for (var i = 0, l = children.length; i < l; i++) {","    if (children[i].type === 'element') {","      if (children[i].tagname !== 'br' && children[i].tagname !== 'wbr') {","        pattern.push(children[i].tagname);","      }","    } else {","      if (pattern[pattern.length - 1] !== '#text') {","        pattern.push('#text');","      }","    }","  }","","  return pattern.join(',');","};","","AncestorMatrix.prototype.append = function (node) {","  var rowId = this.row(this._parentPattern(node));","  var collumId = this.collum(this._childrenPattern(node));","","  // Store the node","  this.nodeMatrix[collumId][rowId].push(node);","};","","AncestorMatrix.prototype.cellName = function (a, b) {","  return this.rowNames[b] + '.' + this.collumNames[a];","};",""],"l":{"2":1,"3":1,"4":1,"5":1,"10":1,"11":0,"13":1,"14":1,"19":1,"20":0,"22":0,"24":1,"26":1,"27":0,"29":0,"30":0,"31":0,"32":0,"33":0,"36":0,"39":1,"40":0,"42":0,"44":0,"45":0,"46":0,"47":0,"48":0,"51":0,"52":0,"57":0,"60":1,"61":0,"62":0,"65":0,"68":1,"69":0}},"/home/travis/build/npmtest/node-npmtest-article/node_modules/article/tools/googlenews.js":{"path":"/home/travis/build/npmtest/node-npmtest-article/node_modules/article/tools/googlenews.js","s":{"1":2,"2":2,"3":2,"4":2,"5":0,"6":0,"7":0,"8":0,"9":0,"10":0,"11":0,"12":0,"13":0,"14":1,"15":0,"16":1,"17":0,"18":0,"19":0,"20":0,"21":0,"22":0,"23":0,"24":0,"25":0,"26":0,"27":0,"28":0,"29":0,"30":1,"31":0,"32":0,"33":0,"34":0,"35":0,"36":0,"37":0,"38":0,"39":0,"40":0,"41":0,"42":0,"43":0,"44":0,"45":0,"46":0,"47":0,"48":0,"49":0,"50":0,"51":0,"52":0,"53":0,"54":0,"55":0,"56":0,"57":0,"58":0,"59":0},"b":{"1":[0,0],"2":[0,0],"3":[0,0],"4":[0,0],"5":[0,0],"6":[0,0]},"f":{"1":0,"2":0,"3":0,"4":0,"5":0,"6":0,"7":0,"8":0,"9":0,"10":0,"11":0},"fnMap":{"1":{"name":"makeKey","line":19,"loc":{"start":{"line":19,"column":0},"end":{"line":19,"column":23}}},"2":{"name":"processFeed","line":23,"loc":{"start":{"line":23,"column":0},"end":{"line":23,"column":33}}},"3":{"name":"(anonymous_3)","line":29,"loc":{"start":{"line":29,"column":39},"end":{"line":29,"column":64}}},"4":{"name":"(anonymous_4)","line":42,"loc":{"start":{"line":42,"column":39},"end":{"line":42,"column":61}}},"5":{"name":"(anonymous_5)","line":46,"loc":{"start":{"line":46,"column":27},"end":{"line":46,"column":43}}},"6":{"name":"processArticle","line":58,"loc":{"start":{"line":58,"column":0},"end":{"line":58,"column":36}}},"7":{"name":"(anonymous_7)","line":62,"loc":{"start":{"line":62,"column":21},"end":{"line":62,"column":47}}},"8":{"name":"(anonymous_8)","line":90,"loc":{"start":{"line":90,"column":6},"end":{"line":90,"column":22}}},"9":{"name":"(anonymous_9)","line":97,"loc":{"start":{"line":97,"column":6},"end":{"line":97,"column":22}}},"10":{"name":"(anonymous_10)","line":116,"loc":{"start":{"line":116,"column":37},"end":{"line":116,"column":52}}},"11":{"name":"(anonymous_11)","line":129,"loc":{"start":{"line":129,"column":4},"end":{"line":129,"column":19}}}},"statementMap":{"1":{"start":{"line":2,"column":0},"end":{"line":2,"column":23}},"2":{"start":{"line":3,"column":0},"end":{"line":3,"column":25}},"3":{"start":{"line":4,"column":0},"end":{"line":4,"column":27}},"4":{"start":{"line":5,"column":0},"end":{"line":5,"column":29}},"5":{"start":{"line":6,"column":0},"end":{"line":6,"column":31}},"6":{"start":{"line":7,"column":0},"end":{"line":7,"column":33}},"7":{"start":{"line":8,"column":0},"end":{"line":8,"column":35}},"8":{"start":{"line":9,"column":0},"end":{"line":9,"column":35}},"9":{"start":{"line":10,"column":0},"end":{"line":10,"column":39}},"10":{"start":{"line":12,"column":0},"end":{"line":12,"column":55}},"11":{"start":{"line":14,"column":0},"end":{"line":14,"column":17}},"12":{"start":{"line":15,"column":0},"end":{"line":17,"column":1}},"13":{"start":{"line":16,"column":2},"end":{"line":16,"column":44}},"14":{"start":{"line":19,"column":0},"end":{"line":21,"column":1}},"15":{"start":{"line":20,"column":2},"end":{"line":20,"column":76}},"16":{"start":{"line":23,"column":0},"end":{"line":56,"column":1}},"17":{"start":{"line":24,"column":2},"end":{"line":24,"column":38}},"18":{"start":{"line":25,"column":2},"end":{"line":25,"column":31}},"19":{"start":{"line":26,"column":2},"end":{"line":26,"column":18}},"20":{"start":{"line":27,"column":2},"end":{"line":55,"column":8}},"21":{"start":{"line":31,"column":6},"end":{"line":31,"column":57}},"22":{"start":{"line":34,"column":6},"end":{"line":40,"column":9}},"23":{"start":{"line":43,"column":6},"end":{"line":43,"column":32}},"24":{"start":{"line":43,"column":15},"end":{"line":43,"column":32}},"25":{"start":{"line":46,"column":6},"end":{"line":48,"column":9}},"26":{"start":{"line":47,"column":8},"end":{"line":47,"column":49}},"27":{"start":{"line":50,"column":6},"end":{"line":50,"column":61}},"28":{"start":{"line":51,"column":6},"end":{"line":51,"column":31}},"29":{"start":{"line":54,"column":6},"end":{"line":54,"column":55}},"30":{"start":{"line":58,"column":0},"end":{"line":106,"column":1}},"31":{"start":{"line":59,"column":2},"end":{"line":59,"column":41}},"32":{"start":{"line":60,"column":2},"end":{"line":60,"column":36}},"33":{"start":{"line":62,"column":2},"end":{"line":105,"column":5}},"34":{"start":{"line":64,"column":4},"end":{"line":67,"column":5}},"35":{"start":{"line":65,"column":6},"end":{"line":65,"column":25}},"36":{"start":{"line":66,"column":6},"end":{"line":66,"column":24}},"37":{"start":{"line":69,"column":4},"end":{"line":72,"column":5}},"38":{"start":{"line":70,"column":6},"end":{"line":70,"column":70}},"39":{"start":{"line":71,"column":6},"end":{"line":71,"column":24}},"40":{"start":{"line":74,"column":4},"end":{"line":77,"column":5}},"41":{"start":{"line":75,"column":6},"end":{"line":75,"column":40}},"42":{"start":{"line":76,"column":6},"end":{"line":76,"column":24}},"43":{"start":{"line":80,"column":4},"end":{"line":82,"column":5}},"44":{"start":{"line":81,"column":6},"end":{"line":81,"column":24}},"45":{"start":{"line":85,"column":4},"end":{"line":85,"column":34}},"46":{"start":{"line":86,"column":4},"end":{"line":86,"column":23}},"47":{"start":{"line":89,"column":4},"end":{"line":104,"column":13}},"48":{"start":{"line":91,"column":8},"end":{"line":95,"column":10}},"49":{"start":{"line":98,"column":8},"end":{"line":102,"column":10}},"50":{"start":{"line":108,"column":0},"end":{"line":114,"column":2}},"51":{"start":{"line":116,"column":0},"end":{"line":133,"column":3}},"52":{"start":{"line":117,"column":2},"end":{"line":119,"column":3}},"53":{"start":{"line":118,"column":4},"end":{"line":118,"column":23}},"54":{"start":{"line":121,"column":2},"end":{"line":121,"column":27}},"55":{"start":{"line":122,"column":2},"end":{"line":122,"column":18}},"56":{"start":{"line":123,"column":2},"end":{"line":123,"column":37}},"57":{"start":{"line":124,"column":2},"end":{"line":124,"column":38}},"58":{"start":{"line":126,"column":2},"end":{"line":132,"column":4}},"59":{"start":{"line":130,"column":6},"end":{"line":130,"column":33}}},"branchMap":{"1":{"line":43,"type":"if","locations":[{"start":{"line":43,"column":6},"end":{"line":43,"column":6}},{"start":{"line":43,"column":6},"end":{"line":43,"column":6}}]},"2":{"line":64,"type":"if","locations":[{"start":{"line":64,"column":4},"end":{"line":64,"column":4}},{"start":{"line":64,"column":4},"end":{"line":64,"column":4}}]},"3":{"line":69,"type":"if","locations":[{"start":{"line":69,"column":4},"end":{"line":69,"column":4}},{"start":{"line":69,"column":4},"end":{"line":69,"column":4}}]},"4":{"line":74,"type":"if","locations":[{"start":{"line":74,"column":4},"end":{"line":74,"column":4}},{"start":{"line":74,"column":4},"end":{"line":74,"column":4}}]},"5":{"line":80,"type":"if","locations":[{"start":{"line":80,"column":4},"end":{"line":80,"column":4}},{"start":{"line":80,"column":4},"end":{"line":80,"column":4}}]},"6":{"line":117,"type":"if","locations":[{"start":{"line":117,"column":2},"end":{"line":117,"column":2}},{"start":{"line":117,"column":2},"end":{"line":117,"column":2}}]}},"code":["","var fs = require('fs');","var url = require('url');","var path = require('path');","var async = require('async');","var crypto = require('crypto');","var request = require('request');","var endpoint = require('endpoint');","var mappoint = require('mappoint');","var feedparser = require('feedparser');","","var datamap = require('../test/reallife/datamap.json');","","var key2url = {};","for (var i = 0, l = datamap.length; i < l; i++) {","  key2url[datamap[i].key] = datamap[i].href;","}","","function makeKey(href) {","  return crypto.createHash('sha256').update(new Buffer(href)).digest('hex');","}","","function processFeed(href, done) {","  console.log('downloading feed ...');","  console.log('from: ' + href);","  console.log('');","  request(href)","    .pipe(feedparser({addmeta: false, feedurl: href}))","    .pipe(mappoint({objectMode: true}, function (article, done) {","      // skip google redirect","      var href = url.parse(article.link, true).query.url;","","      // create item","      done(null, {","        'labeled': false,","        'key': makeKey(href),","        'href': href,","        'why': 'google news scrape',","        'state': '0-0-0'","      });","    }))","    .pipe(endpoint({objectMode: true}, function (err, links) {","      if (err) return done(err);","","      // Remove existing links from the list","      links = links.filter(function (item) {","        return !key2url.hasOwnProperty(item.key);","      });","","      console.log('Found ' + links.length + ' new articles');","      console.log('---------');","","      // Download and analyse","      async.eachLimit(links, 10, processArticle, done);","    }));","}","","function processArticle(item, done) {","  console.log('downloading article ...');","  console.log('from: ' + item.href);","","  request(item.href, function (err, res, body) {","    // They may simply be down, not fail anything because of that","    if (err) {","      console.error(err);","      return done(null);","    }","  ","    if (res.statusCode !== 200) {","      console.error('Status code must be 200, was ' + res.statusCode);","      return done(null);","    }","  ","    if (body.length === 0) {","      console.error('No body was send');","      return done(null);","    }","","    // We better check again, before saving anything","    if (key2url.hasOwnProperty(item.key)) {","      return done(null); ","    }","","    // Add item to datamap","    key2url[item.key] = item.href;","    datamap.push(item);","","    // Since this is too much for anyone to validate, just save an empty object","    async.parallel([","      function (done) {","        fs.writeFile(","          path.resolve(__dirname, '../test/reallife/source/', item.key + '.html'),","          body,","          done","        );","      },","      function (done) {","        fs.writeFile(","          path.resolve(__dirname, '../test/reallife/expected/', item.key + '.json'),","          '{}\\n',","          done","        );","      }","    ], done);","  });","}","","var feeds = [","  'https://news.google.com/news/feeds?&topic=m&output=rss', // Health","  'https://news.google.com/news/feeds?&topic=s&output=rss', // Sports","  'https://news.google.com/news/feeds?&topic=w&output=rss', // World","  'https://news.google.com/news/feeds?&topic=tc&output=rss', // Technology","  'https://news.google.com/news/feeds?&topic=snc&output=rss', // Science","];","","async.eachSeries(feeds, processFeed, function (err) {","  if (err) {","    console.error(err);","  }","","  console.log('---------');","  console.log('');","  console.log('processed all feeds');","  console.log('writeing datamap ...');","  ","  fs.writeFile(","    path.resolve(__dirname, '../test/reallife/datamap.json'),","    JSON.stringify(datamap, null, '\\t') + '\\n',","    function (err) {","      console.log('All done :)');","    }","  );","});",""],"l":{"2":2,"3":2,"4":2,"5":2,"6":0,"7":0,"8":0,"9":0,"10":0,"12":0,"14":0,"15":0,"16":0,"19":1,"20":0,"23":1,"24":0,"25":0,"26":0,"27":0,"31":0,"34":0,"43":0,"46":0,"47":0,"50":0,"51":0,"54":0,"58":1,"59":0,"60":0,"62":0,"64":0,"65":0,"66":0,"69":0,"70":0,"71":0,"74":0,"75":0,"76":0,"80":0,"81":0,"85":0,"86":0,"89":0,"91":0,"98":0,"108":0,"116":0,"117":0,"118":0,"121":0,"122":0,"123":0,"124":0,"126":0,"130":0}}}